{"total": {"lines":{"total":1605,"covered":189,"skipped":0,"pct":11.77},"statements":{"total":1719,"covered":197,"skipped":0,"pct":11.46},"functions":{"total":465,"covered":43,"skipped":0,"pct":9.24},"branches":{"total":1410,"covered":155,"skipped":0,"pct":10.99},"branchesTrue":{"total":0,"covered":0,"skipped":0,"pct":100}}
,"C:\\My Web Sites\\RocVille Media House\\RMH-Replit\\RMH-Replit\\src\\components\\BudgetEstimator.jsx": {"lines":{"total":30,"covered":0,"skipped":0,"pct":0},"functions":{"total":4,"covered":0,"skipped":0,"pct":0},"statements":{"total":30,"covered":0,"skipped":0,"pct":0},"branches":{"total":16,"covered":0,"skipped":0,"pct":0}}
,"C:\\My Web Sites\\RocVille Media House\\RMH-Replit\\RMH-Replit\\src\\components\\Card.jsx": {"lines":{"total":2,"covered":0,"skipped":0,"pct":0},"functions":{"total":1,"covered":0,"skipped":0,"pct":0},"statements":{"total":2,"covered":0,"skipped":0,"pct":0},"branches":{"total":9,"covered":0,"skipped":0,"pct":0}}
,"C:\\My Web Sites\\RocVille Media House\\RMH-Replit\\RMH-Replit\\src\\components\\ChatBot.jsx": {"lines":{"total":37,"covered":0,"skipped":0,"pct":0},"functions":{"total":10,"covered":0,"skipped":0,"pct":0},"statements":{"total":43,"covered":0,"skipped":0,"pct":0},"branches":{"total":28,"covered":0,"skipped":0,"pct":0}}
,"C:\\My Web Sites\\RocVille Media House\\RMH-Replit\\RMH-Replit\\src\\components\\ClientDashboard.jsx": {"lines":{"total":8,"covered":0,"skipped":0,"pct":0},"functions":{"total":2,"covered":0,"skipped":0,"pct":0},"statements":{"total":8,"covered":0,"skipped":0,"pct":0},"branches":{"total":6,"covered":0,"skipped":0,"pct":0}}
,"C:\\My Web Sites\\RocVille Media House\\RMH-Replit\\RMH-Replit\\src\\components\\CommentForm.jsx": {"lines":{"total":32,"covered":0,"skipped":0,"pct":0},"functions":{"total":12,"covered":0,"skipped":0,"pct":0},"statements":{"total":34,"covered":0,"skipped":0,"pct":0},"branches":{"total":12,"covered":0,"skipped":0,"pct":0}}
,"C:\\My Web Sites\\RocVille Media House\\RMH-Replit\\RMH-Replit\\src\\components\\FilterSidebar.jsx": {"lines":{"total":19,"covered":0,"skipped":0,"pct":0},"functions":{"total":9,"covered":0,"skipped":0,"pct":0},"statements":{"total":20,"covered":0,"skipped":0,"pct":0},"branches":{"total":5,"covered":0,"skipped":0,"pct":0}}
,"C:\\My Web Sites\\RocVille Media House\\RMH-Replit\\RMH-Replit\\src\\components\\MegaMenu.jsx": {"lines":{"total":31,"covered":0,"skipped":0,"pct":0},"functions":{"total":13,"covered":0,"skipped":0,"pct":0},"statements":{"total":34,"covered":0,"skipped":0,"pct":0},"branches":{"total":15,"covered":0,"skipped":0,"pct":0}}
,"C:\\My Web Sites\\RocVille Media House\\RMH-Replit\\RMH-Replit\\src\\components\\PortfolioGrid.jsx": {"lines":{"total":15,"covered":0,"skipped":0,"pct":0},"functions":{"total":4,"covered":0,"skipped":0,"pct":0},"statements":{"total":16,"covered":0,"skipped":0,"pct":0},"branches":{"total":16,"covered":0,"skipped":0,"pct":0}}
,"C:\\My Web Sites\\RocVille Media House\\RMH-Replit\\RMH-Replit\\src\\components\\SuspenseWrapper.jsx": {"lines":{"total":4,"covered":0,"skipped":0,"pct":0},"functions":{"total":2,"covered":0,"skipped":0,"pct":0},"statements":{"total":4,"covered":0,"skipped":0,"pct":0},"branches":{"total":1,"covered":0,"skipped":0,"pct":0}}
,"C:\\My Web Sites\\RocVille Media House\\RMH-Replit\\RMH-Replit\\src\\components\\TechStackPicker.jsx": {"lines":{"total":12,"covered":0,"skipped":0,"pct":0},"functions":{"total":4,"covered":0,"skipped":0,"pct":0},"statements":{"total":12,"covered":0,"skipped":0,"pct":0},"branches":{"total":3,"covered":0,"skipped":0,"pct":0}}
,"C:\\My Web Sites\\RocVille Media House\\RMH-Replit\\RMH-Replit\\src\\components\\ThemeSwitcher.jsx": {"lines":{"total":6,"covered":0,"skipped":0,"pct":0},"functions":{"total":3,"covered":0,"skipped":0,"pct":0},"statements":{"total":6,"covered":0,"skipped":0,"pct":0},"branches":{"total":8,"covered":0,"skipped":0,"pct":0}}
,"C:\\My Web Sites\\RocVille Media House\\RMH-Replit\\RMH-Replit\\src\\components\\AboutUsPage\\AboutUsPage.jsx": {"lines":{"total":5,"covered":0,"skipped":0,"pct":0},"functions":{"total":3,"covered":0,"skipped":0,"pct":0},"statements":{"total":5,"covered":0,"skipped":0,"pct":0},"branches":{"total":0,"covered":0,"skipped":0,"pct":100}}
,"C:\\My Web Sites\\RocVille Media House\\RMH-Replit\\RMH-Replit\\src\\components\\BlogPage\\BlogPage.jsx": {"lines":{"total":20,"covered":0,"skipped":0,"pct":0},"functions":{"total":6,"covered":0,"skipped":0,"pct":0},"statements":{"total":24,"covered":0,"skipped":0,"pct":0},"branches":{"total":31,"covered":0,"skipped":0,"pct":0}}
,"C:\\My Web Sites\\RocVille Media House\\RMH-Replit\\RMH-Replit\\src\\components\\BlogPostPage\\BlogPostPage.jsx": {"lines":{"total":14,"covered":0,"skipped":0,"pct":0},"functions":{"total":7,"covered":0,"skipped":0,"pct":0},"statements":{"total":15,"covered":0,"skipped":0,"pct":0},"branches":{"total":12,"covered":0,"skipped":0,"pct":0}}
,"C:\\My Web Sites\\RocVille Media House\\RMH-Replit\\RMH-Replit\\src\\components\\CallToAction\\CallToAction.jsx": {"lines":{"total":3,"covered":0,"skipped":0,"pct":0},"functions":{"total":1,"covered":0,"skipped":0,"pct":0},"statements":{"total":3,"covered":0,"skipped":0,"pct":0},"branches":{"total":26,"covered":0,"skipped":0,"pct":0}}
,"C:\\My Web Sites\\RocVille Media House\\RMH-Replit\\RMH-Replit\\src\\components\\ContactUsPage\\ContactUsPage.jsx": {"lines":{"total":34,"covered":0,"skipped":0,"pct":0},"functions":{"total":5,"covered":0,"skipped":0,"pct":0},"statements":{"total":35,"covered":0,"skipped":0,"pct":0},"branches":{"total":39,"covered":0,"skipped":0,"pct":0}}
,"C:\\My Web Sites\\RocVille Media House\\RMH-Replit\\RMH-Replit\\src\\components\\ErrorBoundary\\ErrorBoundary.jsx": {"lines":{"total":20,"covered":0,"skipped":0,"pct":0},"functions":{"total":6,"covered":0,"skipped":0,"pct":0},"statements":{"total":20,"covered":0,"skipped":0,"pct":0},"branches":{"total":10,"covered":0,"skipped":0,"pct":0}}
,"C:\\My Web Sites\\RocVille Media House\\RMH-Replit\\RMH-Replit\\src\\components\\Footer\\Footer.jsx": {"lines":{"total":7,"covered":0,"skipped":0,"pct":0},"functions":{"total":3,"covered":0,"skipped":0,"pct":0},"statements":{"total":7,"covered":0,"skipped":0,"pct":0},"branches":{"total":2,"covered":0,"skipped":0,"pct":0}}
,"C:\\My Web Sites\\RocVille Media House\\RMH-Replit\\RMH-Replit\\src\\components\\Header\\Header.jsx": {"lines":{"total":23,"covered":0,"skipped":0,"pct":0},"functions":{"total":12,"covered":0,"skipped":0,"pct":0},"statements":{"total":23,"covered":0,"skipped":0,"pct":0},"branches":{"total":16,"covered":0,"skipped":0,"pct":0}}
,"C:\\My Web Sites\\RocVille Media House\\RMH-Replit\\RMH-Replit\\src\\components\\HeroSection\\HeroSection.jsx": {"lines":{"total":2,"covered":0,"skipped":0,"pct":0},"functions":{"total":1,"covered":0,"skipped":0,"pct":0},"statements":{"total":2,"covered":0,"skipped":0,"pct":0},"branches":{"total":0,"covered":0,"skipped":0,"pct":100}}
,"C:\\My Web Sites\\RocVille Media House\\RMH-Replit\\RMH-Replit\\src\\components\\Homepage\\FinalCTA.jsx": {"lines":{"total":3,"covered":0,"skipped":0,"pct":0},"functions":{"total":1,"covered":0,"skipped":0,"pct":0},"statements":{"total":3,"covered":0,"skipped":0,"pct":0},"branches":{"total":8,"covered":0,"skipped":0,"pct":0}}
,"C:\\My Web Sites\\RocVille Media House\\RMH-Replit\\RMH-Replit\\src\\components\\Homepage\\Homepage.jsx": {"lines":{"total":60,"covered":0,"skipped":0,"pct":0},"functions":{"total":14,"covered":0,"skipped":0,"pct":0},"statements":{"total":65,"covered":0,"skipped":0,"pct":0},"branches":{"total":20,"covered":0,"skipped":0,"pct":0}}
,"C:\\My Web Sites\\RocVille Media House\\RMH-Replit\\RMH-Replit\\src\\components\\Homepage\\ProjectsTeaser.jsx": {"lines":{"total":5,"covered":0,"skipped":0,"pct":0},"functions":{"total":3,"covered":0,"skipped":0,"pct":0},"statements":{"total":5,"covered":0,"skipped":0,"pct":0},"branches":{"total":2,"covered":0,"skipped":0,"pct":0}}
,"C:\\My Web Sites\\RocVille Media House\\RMH-Replit\\RMH-Replit\\src\\components\\Homepage\\ServicesSection.jsx": {"lines":{"total":10,"covered":0,"skipped":0,"pct":0},"functions":{"total":4,"covered":0,"skipped":0,"pct":0},"statements":{"total":10,"covered":0,"skipped":0,"pct":0},"branches":{"total":4,"covered":0,"skipped":0,"pct":0}}
,"C:\\My Web Sites\\RocVille Media House\\RMH-Replit\\RMH-Replit\\src\\components\\Homepage\\TestimonialsSection.jsx": {"lines":{"total":7,"covered":0,"skipped":0,"pct":0},"functions":{"total":2,"covered":0,"skipped":0,"pct":0},"statements":{"total":7,"covered":0,"skipped":0,"pct":0},"branches":{"total":6,"covered":0,"skipped":0,"pct":0}}
,"C:\\My Web Sites\\RocVille Media House\\RMH-Replit\\RMH-Replit\\src\\components\\Layout\\Footer.jsx": {"lines":{"total":2,"covered":0,"skipped":0,"pct":0},"functions":{"total":1,"covered":0,"skipped":0,"pct":0},"statements":{"total":2,"covered":0,"skipped":0,"pct":0},"branches":{"total":0,"covered":0,"skipped":0,"pct":100}}
,"C:\\My Web Sites\\RocVille Media House\\RMH-Replit\\RMH-Replit\\src\\components\\Layout\\Header.jsx": {"lines":{"total":24,"covered":0,"skipped":0,"pct":0},"functions":{"total":12,"covered":0,"skipped":0,"pct":0},"statements":{"total":24,"covered":0,"skipped":0,"pct":0},"branches":{"total":16,"covered":0,"skipped":0,"pct":0}}
,"C:\\My Web Sites\\RocVille Media House\\RMH-Replit\\RMH-Replit\\src\\components\\Layout\\Layout.jsx": {"lines":{"total":4,"covered":0,"skipped":0,"pct":0},"functions":{"total":1,"covered":0,"skipped":0,"pct":0},"statements":{"total":4,"covered":0,"skipped":0,"pct":0},"branches":{"total":0,"covered":0,"skipped":0,"pct":100}}
,"C:\\My Web Sites\\RocVille Media House\\RMH-Replit\\RMH-Replit\\src\\components\\Layout\\PageWrapper.jsx": {"lines":{"total":5,"covered":0,"skipped":0,"pct":0},"functions":{"total":1,"covered":0,"skipped":0,"pct":0},"statements":{"total":5,"covered":0,"skipped":0,"pct":0},"branches":{"total":6,"covered":0,"skipped":0,"pct":0}}
,"C:\\My Web Sites\\RocVille Media House\\RMH-Replit\\RMH-Replit\\src\\components\\NotFoundPage\\NotFoundPage.jsx": {"lines":{"total":2,"covered":0,"skipped":0,"pct":0},"functions":{"total":1,"covered":0,"skipped":0,"pct":0},"statements":{"total":2,"covered":0,"skipped":0,"pct":0},"branches":{"total":0,"covered":0,"skipped":0,"pct":100}}
,"C:\\My Web Sites\\RocVille Media House\\RMH-Replit\\RMH-Replit\\src\\components\\Portfolio\\CategoryDropdown.jsx": {"lines":{"total":46,"covered":0,"skipped":0,"pct":0},"functions":{"total":13,"covered":0,"skipped":0,"pct":0},"statements":{"total":49,"covered":0,"skipped":0,"pct":0},"branches":{"total":28,"covered":0,"skipped":0,"pct":0}}
,"C:\\My Web Sites\\RocVille Media House\\RMH-Replit\\RMH-Replit\\src\\components\\PortfolioPage\\CategoryFilter.jsx": {"lines":{"total":12,"covered":0,"skipped":0,"pct":0},"functions":{"total":10,"covered":0,"skipped":0,"pct":0},"statements":{"total":13,"covered":0,"skipped":0,"pct":0},"branches":{"total":12,"covered":0,"skipped":0,"pct":0}}
,"C:\\My Web Sites\\RocVille Media House\\RMH-Replit\\RMH-Replit\\src\\components\\PortfolioPage\\PaginationControls.jsx": {"lines":{"total":30,"covered":0,"skipped":0,"pct":0},"functions":{"total":6,"covered":0,"skipped":0,"pct":0},"statements":{"total":33,"covered":0,"skipped":0,"pct":0},"branches":{"total":26,"covered":0,"skipped":0,"pct":0}}
,"C:\\My Web Sites\\RocVille Media House\\RMH-Replit\\RMH-Replit\\src\\components\\PortfolioPage\\PortfolioPage.jsx": {"lines":{"total":12,"covered":0,"skipped":0,"pct":0},"functions":{"total":4,"covered":0,"skipped":0,"pct":0},"statements":{"total":12,"covered":0,"skipped":0,"pct":0},"branches":{"total":17,"covered":0,"skipped":0,"pct":0}}
,"C:\\My Web Sites\\RocVille Media House\\RMH-Replit\\RMH-Replit\\src\\components\\PortfolioPage\\ProjectCard.jsx": {"lines":{"total":3,"covered":0,"skipped":0,"pct":0},"functions":{"total":1,"covered":0,"skipped":0,"pct":0},"statements":{"total":3,"covered":0,"skipped":0,"pct":0},"branches":{"total":6,"covered":0,"skipped":0,"pct":0}}
,"C:\\My Web Sites\\RocVille Media House\\RMH-Replit\\RMH-Replit\\src\\components\\PortfolioTeaser\\PortfolioTeaser.jsx": {"lines":{"total":5,"covered":0,"skipped":0,"pct":0},"functions":{"total":2,"covered":0,"skipped":0,"pct":0},"statements":{"total":6,"covered":0,"skipped":0,"pct":0},"branches":{"total":6,"covered":0,"skipped":0,"pct":0}}
,"C:\\My Web Sites\\RocVille Media House\\RMH-Replit\\RMH-Replit\\src\\components\\Section\\Section.jsx": {"lines":{"total":8,"covered":0,"skipped":0,"pct":0},"functions":{"total":1,"covered":0,"skipped":0,"pct":0},"statements":{"total":8,"covered":0,"skipped":0,"pct":0},"branches":{"total":20,"covered":0,"skipped":0,"pct":0}}
,"C:\\My Web Sites\\RocVille Media House\\RMH-Replit\\RMH-Replit\\src\\components\\ServicesPage\\ServicesPage.jsx": {"lines":{"total":6,"covered":0,"skipped":0,"pct":0},"functions":{"total":2,"covered":0,"skipped":0,"pct":0},"statements":{"total":6,"covered":0,"skipped":0,"pct":0},"branches":{"total":20,"covered":0,"skipped":0,"pct":0}}
,"C:\\My Web Sites\\RocVille Media House\\RMH-Replit\\RMH-Replit\\src\\components\\ServicesSection\\ServicesSection.jsx": {"lines":{"total":5,"covered":0,"skipped":0,"pct":0},"functions":{"total":2,"covered":0,"skipped":0,"pct":0},"statements":{"total":5,"covered":0,"skipped":0,"pct":0},"branches":{"total":2,"covered":0,"skipped":0,"pct":0}}
,"C:\\My Web Sites\\RocVille Media House\\RMH-Replit\\RMH-Replit\\src\\components\\TestimonialsSection\\TestimonialsSection.jsx": {"lines":{"total":5,"covered":0,"skipped":0,"pct":0},"functions":{"total":2,"covered":0,"skipped":0,"pct":0},"statements":{"total":6,"covered":0,"skipped":0,"pct":0},"branches":{"total":11,"covered":0,"skipped":0,"pct":0}}
,"C:\\My Web Sites\\RocVille Media House\\RMH-Replit\\RMH-Replit\\src\\components\\chat\\ChatWindow.jsx": {"lines":{"total":146,"covered":0,"skipped":0,"pct":0},"functions":{"total":39,"covered":0,"skipped":0,"pct":0},"statements":{"total":167,"covered":0,"skipped":0,"pct":0},"branches":{"total":124,"covered":0,"skipped":0,"pct":0}}
,"C:\\My Web Sites\\RocVille Media House\\RMH-Replit\\RMH-Replit\\src\\components\\feautures\\CommentForm.jsx": {"lines":{"total":26,"covered":0,"skipped":0,"pct":0},"functions":{"total":10,"covered":0,"skipped":0,"pct":0},"statements":{"total":31,"covered":0,"skipped":0,"pct":0},"branches":{"total":18,"covered":0,"skipped":0,"pct":0}}
,"C:\\My Web Sites\\RocVille Media House\\RMH-Replit\\RMH-Replit\\src\\components\\ui\\Accordion.jsx": {"lines":{"total":37,"covered":0,"skipped":0,"pct":0},"functions":{"total":9,"covered":0,"skipped":0,"pct":0},"statements":{"total":38,"covered":0,"skipped":0,"pct":0},"branches":{"total":33,"covered":0,"skipped":0,"pct":0}}
,"C:\\My Web Sites\\RocVille Media House\\RMH-Replit\\RMH-Replit\\src\\components\\ui\\Alert.jsx": {"lines":{"total":5,"covered":2,"skipped":0,"pct":40},"functions":{"total":1,"covered":0,"skipped":0,"pct":0},"statements":{"total":5,"covered":2,"skipped":0,"pct":40},"branches":{"total":8,"covered":0,"skipped":0,"pct":0}}
,"C:\\My Web Sites\\RocVille Media House\\RMH-Replit\\RMH-Replit\\src\\components\\ui\\AsyncValidationForm.jsx": {"lines":{"total":52,"covered":36,"skipped":0,"pct":69.23},"functions":{"total":8,"covered":7,"skipped":0,"pct":87.5},"statements":{"total":52,"covered":36,"skipped":0,"pct":69.23},"branches":{"total":39,"covered":14,"skipped":0,"pct":35.89}}
,"C:\\My Web Sites\\RocVille Media House\\RMH-Replit\\RMH-Replit\\src\\components\\ui\\Avatar.jsx": {"lines":{"total":6,"covered":0,"skipped":0,"pct":0},"functions":{"total":1,"covered":0,"skipped":0,"pct":0},"statements":{"total":6,"covered":0,"skipped":0,"pct":0},"branches":{"total":13,"covered":0,"skipped":0,"pct":0}}
,"C:\\My Web Sites\\RocVille Media House\\RMH-Replit\\RMH-Replit\\src\\components\\ui\\Badge.jsx": {"lines":{"total":7,"covered":0,"skipped":0,"pct":0},"functions":{"total":1,"covered":0,"skipped":0,"pct":0},"statements":{"total":7,"covered":0,"skipped":0,"pct":0},"branches":{"total":7,"covered":0,"skipped":0,"pct":0}}
,"C:\\My Web Sites\\RocVille Media House\\RMH-Replit\\RMH-Replit\\src\\components\\ui\\Breadcrumb.jsx": {"lines":{"total":11,"covered":0,"skipped":0,"pct":0},"functions":{"total":3,"covered":0,"skipped":0,"pct":0},"statements":{"total":11,"covered":0,"skipped":0,"pct":0},"branches":{"total":17,"covered":0,"skipped":0,"pct":0}}
,"C:\\My Web Sites\\RocVille Media House\\RMH-Replit\\RMH-Replit\\src\\components\\ui\\Button.jsx": {"lines":{"total":12,"covered":12,"skipped":0,"pct":100},"functions":{"total":1,"covered":1,"skipped":0,"pct":100},"statements":{"total":12,"covered":12,"skipped":0,"pct":100},"branches":{"total":21,"covered":15,"skipped":0,"pct":71.42}}
,"C:\\My Web Sites\\RocVille Media House\\RMH-Replit\\RMH-Replit\\src\\components\\ui\\Card.jsx": {"lines":{"total":6,"covered":5,"skipped":0,"pct":83.33},"functions":{"total":2,"covered":1,"skipped":0,"pct":50},"statements":{"total":6,"covered":5,"skipped":0,"pct":83.33},"branches":{"total":12,"covered":9,"skipped":0,"pct":75}}
,"C:\\My Web Sites\\RocVille Media House\\RMH-Replit\\RMH-Replit\\src\\components\\ui\\CategoryFilter.jsx": {"lines":{"total":36,"covered":0,"skipped":0,"pct":0},"functions":{"total":14,"covered":0,"skipped":0,"pct":0},"statements":{"total":38,"covered":0,"skipped":0,"pct":0},"branches":{"total":18,"covered":0,"skipped":0,"pct":0}}
,"C:\\My Web Sites\\RocVille Media House\\RMH-Replit\\RMH-Replit\\src\\components\\ui\\Checkbox.jsx": {"lines":{"total":6,"covered":0,"skipped":0,"pct":0},"functions":{"total":1,"covered":0,"skipped":0,"pct":0},"statements":{"total":6,"covered":0,"skipped":0,"pct":0},"branches":{"total":11,"covered":0,"skipped":0,"pct":0}}
,"C:\\My Web Sites\\RocVille Media House\\RMH-Replit\\RMH-Replit\\src\\components\\ui\\Container.jsx": {"lines":{"total":5,"covered":0,"skipped":0,"pct":0},"functions":{"total":1,"covered":0,"skipped":0,"pct":0},"statements":{"total":5,"covered":0,"skipped":0,"pct":0},"branches":{"total":1,"covered":0,"skipped":0,"pct":0}}
,"C:\\My Web Sites\\RocVille Media House\\RMH-Replit\\RMH-Replit\\src\\components\\ui\\Dialog.jsx": {"lines":{"total":5,"covered":0,"skipped":0,"pct":0},"functions":{"total":2,"covered":0,"skipped":0,"pct":0},"statements":{"total":6,"covered":0,"skipped":0,"pct":0},"branches":{"total":5,"covered":0,"skipped":0,"pct":0}}
,"C:\\My Web Sites\\RocVille Media House\\RMH-Replit\\RMH-Replit\\src\\components\\ui\\Dropdown.jsx": {"lines":{"total":50,"covered":0,"skipped":0,"pct":0},"functions":{"total":12,"covered":0,"skipped":0,"pct":0},"statements":{"total":53,"covered":0,"skipped":0,"pct":0},"branches":{"total":48,"covered":0,"skipped":0,"pct":0}}
,"C:\\My Web Sites\\RocVille Media House\\RMH-Replit\\RMH-Replit\\src\\components\\ui\\FieldSet.jsx": {"lines":{"total":3,"covered":0,"skipped":0,"pct":0},"functions":{"total":1,"covered":0,"skipped":0,"pct":0},"statements":{"total":3,"covered":0,"skipped":0,"pct":0},"branches":{"total":6,"covered":0,"skipped":0,"pct":0}}
,"C:\\My Web Sites\\RocVille Media House\\RMH-Replit\\RMH-Replit\\src\\components\\ui\\FlexRow.jsx": {"lines":{"total":7,"covered":0,"skipped":0,"pct":0},"functions":{"total":1,"covered":0,"skipped":0,"pct":0},"statements":{"total":7,"covered":0,"skipped":0,"pct":0},"branches":{"total":7,"covered":0,"skipped":0,"pct":0}}
,"C:\\My Web Sites\\RocVille Media House\\RMH-Replit\\RMH-Replit\\src\\components\\ui\\Form.jsx": {"lines":{"total":7,"covered":5,"skipped":0,"pct":71.42},"functions":{"total":4,"covered":2,"skipped":0,"pct":50},"statements":{"total":10,"covered":5,"skipped":0,"pct":50},"branches":{"total":19,"covered":13,"skipped":0,"pct":68.42}}
,"C:\\My Web Sites\\RocVille Media House\\RMH-Replit\\RMH-Replit\\src\\components\\ui\\FormField.jsx": {"lines":{"total":7,"covered":0,"skipped":0,"pct":0},"functions":{"total":2,"covered":0,"skipped":0,"pct":0},"statements":{"total":7,"covered":0,"skipped":0,"pct":0},"branches":{"total":20,"covered":0,"skipped":0,"pct":0}}
,"C:\\My Web Sites\\RocVille Media House\\RMH-Replit\\RMH-Replit\\src\\components\\ui\\FormStepper.jsx": {"lines":{"total":36,"covered":17,"skipped":0,"pct":47.22},"functions":{"total":9,"covered":5,"skipped":0,"pct":55.55},"statements":{"total":39,"covered":18,"skipped":0,"pct":46.15},"branches":{"total":27,"covered":10,"skipped":0,"pct":37.03}}
,"C:\\My Web Sites\\RocVille Media House\\RMH-Replit\\RMH-Replit\\src\\components\\ui\\Grid.jsx": {"lines":{"total":8,"covered":0,"skipped":0,"pct":0},"functions":{"total":2,"covered":0,"skipped":0,"pct":0},"statements":{"total":8,"covered":0,"skipped":0,"pct":0},"branches":{"total":4,"covered":0,"skipped":0,"pct":0}}
,"C:\\My Web Sites\\RocVille Media House\\RMH-Replit\\RMH-Replit\\src\\components\\ui\\GridItem.jsx": {"lines":{"total":7,"covered":0,"skipped":0,"pct":0},"functions":{"total":2,"covered":0,"skipped":0,"pct":0},"statements":{"total":7,"covered":0,"skipped":0,"pct":0},"branches":{"total":3,"covered":0,"skipped":0,"pct":0}}
,"C:\\My Web Sites\\RocVille Media House\\RMH-Replit\\RMH-Replit\\src\\components\\ui\\Input.jsx": {"lines":{"total":10,"covered":10,"skipped":0,"pct":100},"functions":{"total":1,"covered":1,"skipped":0,"pct":100},"statements":{"total":10,"covered":10,"skipped":0,"pct":100},"branches":{"total":29,"covered":24,"skipped":0,"pct":82.75}}
,"C:\\My Web Sites\\RocVille Media House\\RMH-Replit\\RMH-Replit\\src\\components\\ui\\Link.jsx": {"lines":{"total":4,"covered":0,"skipped":0,"pct":0},"functions":{"total":1,"covered":0,"skipped":0,"pct":0},"statements":{"total":4,"covered":0,"skipped":0,"pct":0},"branches":{"total":6,"covered":0,"skipped":0,"pct":0}}
,"C:\\My Web Sites\\RocVille Media House\\RMH-Replit\\RMH-Replit\\src\\components\\ui\\MainLayout.jsx": {"lines":{"total":4,"covered":0,"skipped":0,"pct":0},"functions":{"total":1,"covered":0,"skipped":0,"pct":0},"statements":{"total":4,"covered":0,"skipped":0,"pct":0},"branches":{"total":0,"covered":0,"skipped":0,"pct":100}}
,"C:\\My Web Sites\\RocVille Media House\\RMH-Replit\\RMH-Replit\\src\\components\\ui\\Modal.jsx": {"lines":{"total":32,"covered":26,"skipped":0,"pct":81.25},"functions":{"total":9,"covered":8,"skipped":0,"pct":88.88},"statements":{"total":37,"covered":30,"skipped":0,"pct":81.08},"branches":{"total":32,"covered":18,"skipped":0,"pct":56.25}}
,"C:\\My Web Sites\\RocVille Media House\\RMH-Replit\\RMH-Replit\\src\\components\\ui\\Navbar.jsx": {"lines":{"total":10,"covered":0,"skipped":0,"pct":0},"functions":{"total":3,"covered":0,"skipped":0,"pct":0},"statements":{"total":10,"covered":0,"skipped":0,"pct":0},"branches":{"total":11,"covered":0,"skipped":0,"pct":0}}
,"C:\\My Web Sites\\RocVille Media House\\RMH-Replit\\RMH-Replit\\src\\components\\ui\\PaginationControls.jsx": {"lines":{"total":31,"covered":0,"skipped":0,"pct":0},"functions":{"total":6,"covered":0,"skipped":0,"pct":0},"statements":{"total":34,"covered":0,"skipped":0,"pct":0},"branches":{"total":27,"covered":0,"skipped":0,"pct":0}}
,"C:\\My Web Sites\\RocVille Media House\\RMH-Replit\\RMH-Replit\\src\\components\\ui\\ProjectCard.jsx": {"lines":{"total":4,"covered":0,"skipped":0,"pct":0},"functions":{"total":1,"covered":0,"skipped":0,"pct":0},"statements":{"total":4,"covered":0,"skipped":0,"pct":0},"branches":{"total":8,"covered":0,"skipped":0,"pct":0}}
,"C:\\My Web Sites\\RocVille Media House\\RMH-Replit\\RMH-Replit\\src\\components\\ui\\RadioGroup.jsx": {"lines":{"total":12,"covered":0,"skipped":0,"pct":0},"functions":{"total":4,"covered":0,"skipped":0,"pct":0},"statements":{"total":12,"covered":0,"skipped":0,"pct":0},"branches":{"total":28,"covered":0,"skipped":0,"pct":0}}
,"C:\\My Web Sites\\RocVille Media House\\RMH-Replit\\RMH-Replit\\src\\components\\ui\\Select.jsx": {"lines":{"total":9,"covered":0,"skipped":0,"pct":0},"functions":{"total":2,"covered":0,"skipped":0,"pct":0},"statements":{"total":9,"covered":0,"skipped":0,"pct":0},"branches":{"total":29,"covered":0,"skipped":0,"pct":0}}
,"C:\\My Web Sites\\RocVille Media House\\RMH-Replit\\RMH-Replit\\src\\components\\ui\\Spinner.jsx": {"lines":{"total":6,"covered":0,"skipped":0,"pct":0},"functions":{"total":1,"covered":0,"skipped":0,"pct":0},"statements":{"total":6,"covered":0,"skipped":0,"pct":0},"branches":{"total":3,"covered":0,"skipped":0,"pct":0}}
,"C:\\My Web Sites\\RocVille Media House\\RMH-Replit\\RMH-Replit\\src\\components\\ui\\Stack.jsx": {"lines":{"total":8,"covered":0,"skipped":0,"pct":0},"functions":{"total":1,"covered":0,"skipped":0,"pct":0},"statements":{"total":8,"covered":0,"skipped":0,"pct":0},"branches":{"total":7,"covered":0,"skipped":0,"pct":0}}
,"C:\\My Web Sites\\RocVille Media House\\RMH-Replit\\RMH-Replit\\src\\components\\ui\\Switch.jsx": {"lines":{"total":6,"covered":0,"skipped":0,"pct":0},"functions":{"total":2,"covered":0,"skipped":0,"pct":0},"statements":{"total":6,"covered":0,"skipped":0,"pct":0},"branches":{"total":11,"covered":0,"skipped":0,"pct":0}}
,"C:\\My Web Sites\\RocVille Media House\\RMH-Replit\\RMH-Replit\\src\\components\\ui\\Table.jsx": {"lines":{"total":8,"covered":0,"skipped":0,"pct":0},"functions":{"total":4,"covered":0,"skipped":0,"pct":0},"statements":{"total":8,"covered":0,"skipped":0,"pct":0},"branches":{"total":6,"covered":0,"skipped":0,"pct":0}}
,"C:\\My Web Sites\\RocVille Media House\\RMH-Replit\\RMH-Replit\\src\\components\\ui\\Tabs.jsx": {"lines":{"total":22,"covered":20,"skipped":0,"pct":90.9},"functions":{"total":8,"covered":8,"skipped":0,"pct":100},"statements":{"total":23,"covered":21,"skipped":0,"pct":91.3},"branches":{"total":21,"covered":11,"skipped":0,"pct":52.38}}
,"C:\\My Web Sites\\RocVille Media House\\RMH-Replit\\RMH-Replit\\src\\components\\ui\\TextInput.jsx": {"lines":{"total":16,"covered":14,"skipped":0,"pct":87.5},"functions":{"total":2,"covered":2,"skipped":0,"pct":100},"statements":{"total":16,"covered":14,"skipped":0,"pct":87.5},"branches":{"total":29,"covered":19,"skipped":0,"pct":65.51}}
,"C:\\My Web Sites\\RocVille Media House\\RMH-Replit\\RMH-Replit\\src\\components\\ui\\Textarea.jsx": {"lines":{"total":16,"covered":0,"skipped":0,"pct":0},"functions":{"total":2,"covered":0,"skipped":0,"pct":0},"statements":{"total":16,"covered":0,"skipped":0,"pct":0},"branches":{"total":30,"covered":0,"skipped":0,"pct":0}}
,"C:\\My Web Sites\\RocVille Media House\\RMH-Replit\\RMH-Replit\\src\\components\\ui\\Toast.jsx": {"lines":{"total":14,"covered":14,"skipped":0,"pct":100},"functions":{"total":4,"covered":4,"skipped":0,"pct":100},"statements":{"total":15,"covered":15,"skipped":0,"pct":100},"branches":{"total":16,"covered":15,"skipped":0,"pct":93.75}}
,"C:\\My Web Sites\\RocVille Media House\\RMH-Replit\\RMH-Replit\\src\\components\\ui\\Tooltip.jsx": {"lines":{"total":28,"covered":0,"skipped":0,"pct":0},"functions":{"total":7,"covered":0,"skipped":0,"pct":0},"statements":{"total":30,"covered":0,"skipped":0,"pct":0},"branches":{"total":20,"covered":0,"skipped":0,"pct":0}}
,"C:\\My Web Sites\\RocVille Media House\\RMH-Replit\\RMH-Replit\\src\\constants\\BlogData.js": {"lines":{"total":1,"covered":0,"skipped":0,"pct":0},"functions":{"total":0,"covered":0,"skipped":0,"pct":100},"statements":{"total":1,"covered":0,"skipped":0,"pct":0},"branches":{"total":0,"covered":0,"skipped":0,"pct":100}}
,"C:\\My Web Sites\\RocVille Media House\\RMH-Replit\\RMH-Replit\\src\\constants\\allServices.js": {"lines":{"total":1,"covered":0,"skipped":0,"pct":0},"functions":{"total":0,"covered":0,"skipped":0,"pct":100},"statements":{"total":1,"covered":0,"skipped":0,"pct":0},"branches":{"total":0,"covered":0,"skipped":0,"pct":100}}
,"C:\\My Web Sites\\RocVille Media House\\RMH-Replit\\RMH-Replit\\src\\constants\\paths.js": {"lines":{"total":3,"covered":0,"skipped":0,"pct":0},"functions":{"total":2,"covered":0,"skipped":0,"pct":0},"statements":{"total":3,"covered":0,"skipped":0,"pct":0},"branches":{"total":0,"covered":0,"skipped":0,"pct":100}}
,"C:\\My Web Sites\\RocVille Media House\\RMH-Replit\\RMH-Replit\\src\\constants\\routes.js": {"lines":{"total":10,"covered":0,"skipped":0,"pct":0},"functions":{"total":0,"covered":0,"skipped":0,"pct":100},"statements":{"total":10,"covered":0,"skipped":0,"pct":0},"branches":{"total":0,"covered":0,"skipped":0,"pct":100}}
,"C:\\My Web Sites\\RocVille Media House\\RMH-Replit\\RMH-Replit\\src\\constants\\teamData.js": {"lines":{"total":1,"covered":0,"skipped":0,"pct":0},"functions":{"total":0,"covered":0,"skipped":0,"pct":100},"statements":{"total":1,"covered":0,"skipped":0,"pct":0},"branches":{"total":0,"covered":0,"skipped":0,"pct":100}}
,"C:\\My Web Sites\\RocVille Media House\\RMH-Replit\\RMH-Replit\\src\\constants\\testimonialsData.js": {"lines":{"total":1,"covered":0,"skipped":0,"pct":0},"functions":{"total":0,"covered":0,"skipped":0,"pct":100},"statements":{"total":1,"covered":0,"skipped":0,"pct":0},"branches":{"total":0,"covered":0,"skipped":0,"pct":100}}
,"C:\\My Web Sites\\RocVille Media House\\RMH-Replit\\RMH-Replit\\src\\hooks\\useAIBehavior.js": {"lines":{"total":37,"covered":0,"skipped":0,"pct":0},"functions":{"total":13,"covered":0,"skipped":0,"pct":0},"statements":{"total":43,"covered":0,"skipped":0,"pct":0},"branches":{"total":18,"covered":0,"skipped":0,"pct":0}}
,"C:\\My Web Sites\\RocVille Media House\\RMH-Replit\\RMH-Replit\\src\\hooks\\useDarkMode.js": {"lines":{"total":14,"covered":0,"skipped":0,"pct":0},"functions":{"total":5,"covered":0,"skipped":0,"pct":0},"statements":{"total":16,"covered":0,"skipped":0,"pct":0},"branches":{"total":2,"covered":0,"skipped":0,"pct":0}}
,"C:\\My Web Sites\\RocVille Media House\\RMH-Replit\\RMH-Replit\\src\\hooks\\useDebounce.js": {"lines":{"total":11,"covered":0,"skipped":0,"pct":0},"functions":{"total":4,"covered":0,"skipped":0,"pct":0},"statements":{"total":11,"covered":0,"skipped":0,"pct":0},"branches":{"total":4,"covered":0,"skipped":0,"pct":0}}
,"C:\\My Web Sites\\RocVille Media House\\RMH-Replit\\RMH-Replit\\src\\hooks\\useDebouncedCallback.js": {"lines":{"total":1,"covered":1,"skipped":0,"pct":100},"functions":{"total":2,"covered":2,"skipped":0,"pct":100},"statements":{"total":2,"covered":2,"skipped":0,"pct":100},"branches":{"total":0,"covered":0,"skipped":0,"pct":100}}
,"C:\\My Web Sites\\RocVille Media House\\RMH-Replit\\RMH-Replit\\src\\hooks\\useDebouncedCategoryFilter.js": {"lines":{"total":14,"covered":0,"skipped":0,"pct":0},"functions":{"total":4,"covered":0,"skipped":0,"pct":0},"statements":{"total":14,"covered":0,"skipped":0,"pct":0},"branches":{"total":7,"covered":0,"skipped":0,"pct":0}}
,"C:\\My Web Sites\\RocVille Media House\\RMH-Replit\\RMH-Replit\\src\\hooks\\useFetchProjects.js": {"lines":{"total":31,"covered":0,"skipped":0,"pct":0},"functions":{"total":10,"covered":0,"skipped":0,"pct":0},"statements":{"total":32,"covered":0,"skipped":0,"pct":0},"branches":{"total":10,"covered":0,"skipped":0,"pct":0}}
,"C:\\My Web Sites\\RocVille Media House\\RMH-Replit\\RMH-Replit\\src\\hooks\\useForm.js": {"lines":{"total":77,"covered":27,"skipped":0,"pct":35.06},"functions":{"total":24,"covered":2,"skipped":0,"pct":8.33},"statements":{"total":95,"covered":27,"skipped":0,"pct":28.42},"branches":{"total":56,"covered":7,"skipped":0,"pct":12.5}}
,"C:\\My Web Sites\\RocVille Media House\\RMH-Replit\\RMH-Replit\\src\\hooks\\usePagination.js": {"lines":{"total":19,"covered":0,"skipped":0,"pct":0},"functions":{"total":6,"covered":0,"skipped":0,"pct":0},"statements":{"total":19,"covered":0,"skipped":0,"pct":0},"branches":{"total":11,"covered":0,"skipped":0,"pct":0}}
,"C:\\My Web Sites\\RocVille Media House\\RMH-Replit\\RMH-Replit\\src\\hooks\\usePerformanceMonitoring.js": {"lines":{"total":25,"covered":0,"skipped":0,"pct":0},"functions":{"total":8,"covered":0,"skipped":0,"pct":0},"statements":{"total":26,"covered":0,"skipped":0,"pct":0},"branches":{"total":6,"covered":0,"skipped":0,"pct":0}}
,"C:\\My Web Sites\\RocVille Media House\\RMH-Replit\\RMH-Replit\\src\\lib\\rocbot\\commands.js": {"lines":{"total":33,"covered":0,"skipped":0,"pct":0},"functions":{"total":5,"covered":0,"skipped":0,"pct":0},"statements":{"total":33,"covered":0,"skipped":0,"pct":0},"branches":{"total":20,"covered":0,"skipped":0,"pct":0}}
,"C:\\My Web Sites\\RocVille Media House\\RMH-Replit\\RMH-Replit\\src\\pages\\CaseStudyPage.jsx": {"lines":{"total":10,"covered":0,"skipped":0,"pct":0},"functions":{"total":3,"covered":0,"skipped":0,"pct":0},"statements":{"total":10,"covered":0,"skipped":0,"pct":0},"branches":{"total":35,"covered":0,"skipped":0,"pct":0}}
,"C:\\My Web Sites\\RocVille Media House\\RMH-Replit\\RMH-Replit\\src\\rocCloser\\crm.js": {"lines":{"total":1,"covered":0,"skipped":0,"pct":0},"functions":{"total":0,"covered":0,"skipped":0,"pct":100},"statements":{"total":1,"covered":0,"skipped":0,"pct":0},"branches":{"total":0,"covered":0,"skipped":0,"pct":100}}
,"C:\\My Web Sites\\RocVille Media House\\RMH-Replit\\RMH-Replit\\src\\rocCloser\\emailClient.js": {"lines":{"total":1,"covered":0,"skipped":0,"pct":0},"functions":{"total":0,"covered":0,"skipped":0,"pct":100},"statements":{"total":1,"covered":0,"skipped":0,"pct":0},"branches":{"total":0,"covered":0,"skipped":0,"pct":100}}
,"C:\\My Web Sites\\RocVille Media House\\RMH-Replit\\RMH-Replit\\src\\rocCloser\\leadGenerator.js": {"lines":{"total":3,"covered":0,"skipped":0,"pct":0},"functions":{"total":2,"covered":0,"skipped":0,"pct":0},"statements":{"total":4,"covered":0,"skipped":0,"pct":0},"branches":{"total":2,"covered":0,"skipped":0,"pct":0}}
,"C:\\My Web Sites\\RocVille Media House\\RMH-Replit\\RMH-Replit\\src\\rocCloser\\outreachAgent.js": {"lines":{"total":1,"covered":0,"skipped":0,"pct":0},"functions":{"total":0,"covered":0,"skipped":0,"pct":100},"statements":{"total":1,"covered":0,"skipped":0,"pct":0},"branches":{"total":0,"covered":0,"skipped":0,"pct":100}}
,"C:\\My Web Sites\\RocVille Media House\\RMH-Replit\\RMH-Replit\\src\\rocCloser\\rocCloserAgent.js": {"lines":{"total":7,"covered":0,"skipped":0,"pct":0},"functions":{"total":1,"covered":0,"skipped":0,"pct":0},"statements":{"total":7,"covered":0,"skipped":0,"pct":0},"branches":{"total":0,"covered":0,"skipped":0,"pct":100}}
}
