TN:
SF:src\components\BudgetEstimator.jsx
FN:4,BudgetEstimator
FN:10,(anonymous_1)
FN:16,(anonymous_2)
FN:22,(anonymous_3)
FNF:4
FNH:0
FNDA:0,BudgetEstimator
FNDA:0,(anonymous_1)
FNDA:0,(anonymous_2)
FNDA:0,(anonymous_3)
DA:5,0
DA:6,0
DA:7,0
DA:8,0
DA:10,0
DA:11,0
DA:12,0
DA:13,0
DA:16,0
DA:17,0
DA:18,0
DA:19,0
DA:22,0
DA:23,0
DA:24,0
DA:25,0
DA:27,0
DA:28,0
DA:29,0
DA:32,0
DA:33,0
DA:35,0
DA:36,0
DA:37,0
DA:40,0
DA:41,0
DA:42,0
DA:45,0
DA:46,0
DA:49,0
LF:30
LH:0
BRDA:27,0,0,0
BRDA:27,0,1,0
BRDA:27,1,0,0
BRDA:27,1,1,0
BRDA:35,2,0,0
BRDA:35,2,1,0
BRDA:35,3,0,0
BRDA:35,3,1,0
BRDA:40,4,0,0
BRDA:40,4,1,0
BRDA:40,5,0,0
BRDA:40,5,1,0
BRDA:84,6,0,0
BRDA:84,6,1,0
BRDA:85,7,0,0
BRDA:85,7,1,0
BRF:16
BRH:0
end_of_record
TN:
SF:src\components\Card.jsx
FN:5,Card
FNF:1
FNH:0
FNDA:0,Card
DA:6,0
DA:38,0
LF:2
LH:0
BRDA:5,0,0,0
BRDA:5,1,0,0
BRDA:14,2,0,0
BRDA:14,2,1,0
BRDA:16,3,0,0
BRDA:16,3,1,0
BRDA:25,4,0,0
BRDA:25,4,1,0
BRDA:25,4,2,0
BRF:9
BRH:0
end_of_record
TN:
SF:src\components\ChatBot.jsx
FN:9,ChatBot
FN:26,(anonymous_1)
FN:30,(anonymous_2)
FN:41,(anonymous_3)
FN:58,(anonymous_4)
FN:69,(anonymous_5)
FN:75,(anonymous_6)
FN:79,(anonymous_7)
FN:87,(anonymous_8)
FN:108,(anonymous_9)
FNF:10
FNH:0
FNDA:0,ChatBot
FNDA:0,(anonymous_1)
FNDA:0,(anonymous_2)
FNDA:0,(anonymous_3)
FNDA:0,(anonymous_4)
FNDA:0,(anonymous_5)
FNDA:0,(anonymous_6)
FNDA:0,(anonymous_7)
FNDA:0,(anonymous_8)
FNDA:0,(anonymous_9)
DA:4,0
DA:5,0
DA:7,0
DA:10,0
DA:22,0
DA:23,0
DA:24,0
DA:26,0
DA:27,0
DA:29,0
DA:30,0
DA:31,0
DA:32,0
DA:34,0
DA:35,0
DA:36,0
DA:41,0
DA:42,0
DA:44,0
DA:54,0
DA:58,0
DA:60,0
DA:61,0
DA:62,0
DA:63,0
DA:64,0
DA:66,0
DA:68,0
DA:69,0
DA:71,0
DA:75,0
DA:76,0
DA:79,0
DA:80,0
DA:83,0
DA:88,0
DA:108,0
LF:37
LH:0
BRDA:7,0,0,0
BRDA:7,0,1,0
BRDA:27,1,0,0
BRDA:27,1,1,0
BRDA:35,2,0,0
BRDA:35,2,1,0
BRDA:42,3,0,0
BRDA:42,3,1,0
BRDA:56,4,0,0
BRDA:56,4,1,0
BRDA:62,5,0,0
BRDA:62,5,1,0
BRDA:64,6,0,0
BRDA:64,6,1,0
BRDA:66,7,0,0
BRDA:66,7,1,0
BRDA:90,8,0,0
BRDA:90,8,1,0
BRDA:94,9,0,0
BRDA:94,9,1,0
BRDA:96,10,0,0
BRDA:96,10,1,0
BRDA:103,11,0,0
BRDA:103,11,1,0
BRDA:119,12,0,0
BRDA:119,12,1,0
BRDA:121,13,0,0
BRDA:121,13,1,0
BRF:28
BRH:0
end_of_record
TN:
SF:src\components\ClientDashboard.jsx
FN:11,ClientDashboard
FN:25,(anonymous_1)
FNF:2
FNH:0
FNDA:0,ClientDashboard
FNDA:0,(anonymous_1)
DA:4,0
DA:12,0
DA:13,0
DA:21,0
DA:26,0
DA:27,0
DA:46,0
DA:54,0
LF:8
LH:0
BRDA:12,0,0,0
BRDA:12,0,1,0
BRDA:12,1,0,0
BRDA:12,1,1,0
BRDA:26,2,0,0
BRDA:26,2,1,0
BRF:6
BRH:0
end_of_record
TN:
SF:src\components\CommentForm.jsx
FN:5,CommentForm
FN:10,(anonymous_1)
FN:17,handleSubmit
FN:47,(anonymous_3)
FN:48,(anonymous_4)
FN:56,(anonymous_5)
FN:57,(anonymous_6)
FN:76,(anonymous_7)
FN:94,(anonymous_8)
FN:108,submitComment
FN:110,(anonymous_10)
FN:111,(anonymous_11)
FNF:12
FNH:0
FNDA:0,CommentForm
FNDA:0,(anonymous_1)
FNDA:0,handleSubmit
FNDA:0,(anonymous_3)
FNDA:0,(anonymous_4)
FNDA:0,(anonymous_5)
FNDA:0,(anonymous_6)
FNDA:0,(anonymous_7)
FNDA:0,(anonymous_8)
FNDA:0,submitComment
FNDA:0,(anonymous_10)
FNDA:0,(anonymous_11)
DA:6,0
DA:7,0
DA:8,0
DA:10,0
DA:12,0
DA:15,0
DA:18,0
DA:20,0
DA:23,0
DA:24,0
DA:25,0
DA:29,0
DA:32,0
DA:38,0
DA:39,0
DA:40,0
DA:42,0
DA:44,0
DA:47,0
DA:48,0
DA:51,0
DA:52,0
DA:56,0
DA:57,0
DA:61,0
DA:65,0
DA:76,0
DA:95,0
DA:110,0
DA:111,0
DA:116,0
DA:125,0
LF:32
LH:0
BRDA:23,0,0,0
BRDA:23,0,1,0
BRDA:23,1,0,0
BRDA:23,1,1,0
BRDA:48,2,0,0
BRDA:48,2,1,0
BRDA:85,3,0,0
BRDA:85,3,1,0
BRDA:88,4,0,0
BRDA:88,4,1,0
BRDA:97,5,0,0
BRDA:97,5,1,0
BRF:12
BRH:0
end_of_record
TN:
SF:src\components\FilterSidebar.jsx
FN:13,FilterProvider
FN:16,(anonymous_1)
FN:17,(anonymous_2)
FN:20,(anonymous_3)
FN:24,(anonymous_4)
FN:40,useFilter
FN:48,FilterSidebar
FN:57,(anonymous_7)
FN:75,(anonymous_8)
FNF:9
FNH:0
FNDA:0,FilterProvider
FNDA:0,(anonymous_1)
FNDA:0,(anonymous_2)
FNDA:0,(anonymous_3)
FNDA:0,(anonymous_4)
FNDA:0,useFilter
FNDA:0,FilterSidebar
FNDA:0,(anonymous_7)
FNDA:0,(anonymous_8)
DA:5,0
DA:7,0
DA:14,0
DA:16,0
DA:17,0
DA:20,0
DA:21,0
DA:24,0
DA:25,0
DA:28,0
DA:35,0
DA:41,0
DA:42,0
DA:43,0
DA:45,0
DA:49,0
DA:51,0
DA:57,0
DA:75,0
LF:19
LH:0
BRDA:13,0,0,0
BRDA:42,1,0,0
BRDA:42,1,1,0
BRDA:58,2,0,0
BRDA:58,2,1,0
BRF:5
BRH:0
end_of_record
TN:
SF:src\components\MegaMenu.jsx
FN:8,MegaMenuProvider
FN:13,(anonymous_1)
FN:13,(anonymous_2)
FN:14,(anonymous_3)
FN:17,(anonymous_4)
FN:18,(anonymous_5)
FN:26,(anonymous_6)
FN:32,(anonymous_7)
FN:33,(anonymous_8)
FN:45,(anonymous_9)
FN:61,useMegaMenu
FN:69,MegaMenu
FN:103,(anonymous_12)
FNF:13
FNH:0
FNDA:0,MegaMenuProvider
FNDA:0,(anonymous_1)
FNDA:0,(anonymous_2)
FNDA:0,(anonymous_3)
FNDA:0,(anonymous_4)
FNDA:0,(anonymous_5)
FNDA:0,(anonymous_6)
FNDA:0,(anonymous_7)
FNDA:0,(anonymous_8)
FNDA:0,(anonymous_9)
FNDA:0,useMegaMenu
FNDA:0,MegaMenu
FNDA:0,(anonymous_12)
DA:6,0
DA:9,0
DA:10,0
DA:11,0
DA:13,0
DA:14,0
DA:17,0
DA:18,0
DA:19,0
DA:20,0
DA:23,0
DA:24,0
DA:26,0
DA:27,0
DA:32,0
DA:33,0
DA:34,0
DA:41,0
DA:44,0
DA:45,0
DA:46,0
DA:50,0
DA:57,0
DA:62,0
DA:63,0
DA:64,0
DA:66,0
DA:70,0
DA:71,0
DA:73,0
DA:104,0
LF:31
LH:0
BRDA:19,0,0,0
BRDA:19,0,1,0
BRDA:23,1,0,0
BRDA:23,1,1,0
BRDA:34,2,0,0
BRDA:34,2,1,0
BRDA:35,3,0,0
BRDA:35,3,1,0
BRDA:35,3,2,0
BRDA:35,3,3,0
BRDA:35,3,4,0
BRDA:63,4,0,0
BRDA:63,4,1,0
BRDA:84,5,0,0
BRDA:84,5,1,0
BRF:15
BRH:0
end_of_record
TN:
SF:src\components\PortfolioGrid.jsx
FN:6,PortfolioGrid
FN:10,(anonymous_1)
FN:12,(anonymous_2)
FN:45,(anonymous_3)
FNF:4
FNH:0
FNDA:0,PortfolioGrid
FNDA:0,(anonymous_1)
FNDA:0,(anonymous_2)
FNDA:0,(anonymous_3)
DA:8,0
DA:10,0
DA:11,0
DA:12,0
DA:13,0
DA:14,0
DA:18,0
DA:22,0
DA:23,0
DA:30,0
DA:31,0
DA:38,0
DA:46,0
DA:59,0
DA:70,0
LF:15
LH:0
BRDA:11,0,0,0
BRDA:11,0,1,0
BRDA:13,1,0,0
BRDA:13,1,1,0
BRDA:14,2,0,0
BRDA:14,2,1,0
BRDA:14,2,2,0
BRDA:14,2,3,0
BRDA:18,3,0,0
BRDA:18,3,1,0
BRDA:22,4,0,0
BRDA:22,4,1,0
BRDA:22,5,0,0
BRDA:22,5,1,0
BRDA:30,6,0,0
BRDA:30,6,1,0
BRF:16
BRH:0
end_of_record
TN:
SF:src\components\SuspenseWrapper.jsx
FN:5,(anonymous_0)
FN:14,SuspenseWrapper
FNF:2
FNH:0
FNDA:0,(anonymous_0)
FNDA:0,SuspenseWrapper
DA:5,0
DA:6,0
DA:15,0
DA:18,0
LF:4
LH:0
BRDA:14,0,0,0
BRF:1
BRH:0
end_of_record
TN:
SF:src\components\TechStackPicker.jsx
FN:6,TechStackPicker
FN:10,(anonymous_1)
FN:16,(anonymous_2)
FN:31,(anonymous_3)
FNF:4
FNH:0
FNDA:0,TechStackPicker
FNDA:0,(anonymous_1)
FNDA:0,(anonymous_2)
FNDA:0,(anonymous_3)
DA:4,0
DA:7,0
DA:10,0
DA:11,0
DA:12,0
DA:16,0
DA:17,0
DA:18,0
DA:19,0
DA:22,0
DA:32,0
DA:41,0
LF:12
LH:0
BRDA:6,0,0,0
BRDA:11,1,0,0
BRDA:11,1,1,0
BRF:3
BRH:0
end_of_record
TN:
SF:src\components\ThemeSwitcher.jsx
FN:6,(anonymous_0)
FN:12,(anonymous_1)
FN:18,ThemeSwitcher
FNF:3
FNH:0
FNDA:0,(anonymous_0)
FNDA:0,(anonymous_1)
FNDA:0,ThemeSwitcher
DA:6,0
DA:7,0
DA:12,0
DA:13,0
DA:19,0
DA:21,0
LF:6
LH:0
BRDA:27,0,0,0
BRDA:27,0,1,0
BRDA:36,1,0,0
BRDA:36,1,1,0
BRDA:45,2,0,0
BRDA:45,2,1,0
BRDA:52,3,0,0
BRDA:52,3,1,0
BRF:8
BRH:0
end_of_record
TN:
SF:src\components\AboutUsPage\AboutUsPage.jsx
FN:12,(anonymous_0)
FN:82,(anonymous_1)
FN:104,(anonymous_2)
FNF:3
FNH:0
FNDA:0,(anonymous_0)
FNDA:0,(anonymous_1)
FNDA:0,(anonymous_2)
DA:10,0
DA:12,0
DA:13,0
DA:83,0
DA:105,0
LF:5
LH:0
BRF:0
BRH:0
end_of_record
TN:
SF:src\components\BlogPage\BlogPage.jsx
FN:13,(anonymous_0)
FN:28,(anonymous_1)
FN:32,(anonymous_2)
FN:37,(anonymous_3)
FN:76,(anonymous_4)
FN:117,(anonymous_5)
FNF:6
FNH:0
FNDA:0,(anonymous_0)
FNDA:0,(anonymous_1)
FNDA:0,(anonymous_2)
FNDA:0,(anonymous_3)
FNDA:0,(anonymous_4)
FNDA:0,(anonymous_5)
DA:10,0
DA:11,0
DA:13,0
DA:14,0
DA:20,0
DA:23,0
DA:24,0
DA:28,0
DA:29,0
DA:32,0
DA:33,0
DA:37,0
DA:38,0
DA:49,0
DA:50,0
DA:52,0
DA:53,0
DA:56,0
DA:77,0
DA:118,0
LF:20
LH:0
BRDA:23,0,0,0
BRDA:23,0,1,0
BRDA:24,1,0,0
BRDA:24,1,1,0
BRDA:29,2,0,0
BRDA:29,2,1,0
BRDA:33,3,0,0
BRDA:33,3,1,0
BRDA:37,4,0,0
BRDA:41,5,0,0
BRDA:41,5,1,0
BRDA:49,6,0,0
BRDA:49,6,1,0
BRDA:50,7,0,0
BRDA:50,7,1,0
BRDA:50,8,0,0
BRDA:50,8,1,0
BRDA:52,9,0,0
BRDA:52,9,1,0
BRDA:52,10,0,0
BRDA:52,10,1,0
BRDA:83,11,0,0
BRDA:83,11,1,0
BRDA:115,12,0,0
BRDA:115,12,1,0
BRDA:133,13,0,0
BRDA:133,13,1,0
BRDA:143,14,0,0
BRDA:143,14,1,0
BRDA:155,15,0,0
BRDA:155,15,1,0
BRF:31
BRH:0
end_of_record
TN:
SF:src\components\BlogPostPage\BlogPostPage.jsx
FN:11,(anonymous_0)
FN:13,(anonymous_1)
FN:59,(anonymous_2)
FN:102,(anonymous_3)
FN:113,(anonymous_4)
FN:130,(anonymous_5)
FN:153,(anonymous_6)
FNF:7
FNH:0
FNDA:0,(anonymous_0)
FNDA:0,(anonymous_1)
FNDA:0,(anonymous_2)
FNDA:0,(anonymous_3)
FNDA:0,(anonymous_4)
FNDA:0,(anonymous_5)
FNDA:0,(anonymous_6)
DA:11,0
DA:12,0
DA:13,0
DA:15,0
DA:16,0
DA:44,0
DA:45,0
DA:46,0
DA:48,0
DA:60,0
DA:103,0
DA:114,0
DA:131,0
DA:154,0
LF:14
LH:0
BRDA:15,0,0,0
BRDA:15,0,1,0
BRDA:44,1,0,0
BRDA:44,1,1,0
BRDA:46,2,0,0
BRDA:46,2,1,0
BRDA:83,3,0,0
BRDA:83,3,1,0
BRDA:109,4,0,0
BRDA:109,4,1,0
BRDA:126,5,0,0
BRDA:126,5,1,0
BRF:12
BRH:0
end_of_record
TN:
SF:src\components\CallToAction\CallToAction.jsx
FN:6,(anonymous_0)
FNF:1
FNH:0
FNDA:0,(anonymous_0)
DA:6,0
DA:20,0
DA:101,0
LF:3
LH:0
BRDA:7,0,0,0
BRDA:8,1,0,0
BRDA:9,2,0,0
BRDA:10,3,0,0
BRDA:11,4,0,0
BRDA:12,5,0,0
BRDA:13,6,0,0
BRDA:14,7,0,0
BRDA:15,8,0,0
BRDA:16,9,0,0
BRDA:17,10,0,0
BRDA:18,11,0,0
BRDA:46,12,0,0
BRDA:46,12,1,0
BRDA:68,13,0,0
BRDA:68,13,1,0
BRDA:68,13,2,0
BRDA:70,14,0,0
BRDA:70,14,1,0
BRDA:70,14,2,0
BRDA:92,15,0,0
BRDA:92,15,1,0
BRDA:92,15,2,0
BRDA:94,16,0,0
BRDA:94,16,1,0
BRDA:94,16,2,0
BRF:26
BRH:0
end_of_record
TN:
SF:src\components\ContactUsPage\ContactUsPage.jsx
FN:15,(anonymous_0)
FN:24,(anonymous_1)
FN:30,(anonymous_2)
FN:53,(anonymous_3)
FN:69,(anonymous_4)
FNF:5
FNH:0
FNDA:0,(anonymous_0)
FNDA:0,(anonymous_1)
FNDA:0,(anonymous_2)
FNDA:0,(anonymous_3)
FNDA:0,(anonymous_4)
DA:9,0
DA:15,0
DA:16,0
DA:21,0
DA:22,0
DA:24,0
DA:25,0
DA:26,0
DA:27,0
DA:30,0
DA:31,0
DA:32,0
DA:34,0
DA:35,0
DA:36,0
DA:39,0
DA:40,0
DA:41,0
DA:44,0
DA:45,0
DA:46,0
DA:49,0
DA:50,0
DA:53,0
DA:54,0
DA:55,0
DA:56,0
DA:57,0
DA:69,0
DA:70,0
DA:71,0
DA:76,0
DA:78,0
DA:83,0
LF:34
LH:0
BRDA:34,0,0,0
BRDA:34,0,1,0
BRDA:34,1,0,0
BRDA:34,1,1,0
BRDA:39,2,0,0
BRDA:39,2,1,0
BRDA:39,3,0,0
BRDA:39,3,1,0
BRDA:44,4,0,0
BRDA:44,4,1,0
BRDA:44,5,0,0
BRDA:44,5,1,0
BRDA:44,5,2,0
BRDA:55,6,0,0
BRDA:55,6,1,0
BRDA:144,7,0,0
BRDA:144,7,1,0
BRDA:149,8,0,0
BRDA:149,8,1,0
BRDA:151,9,0,0
BRDA:151,9,1,0
BRDA:159,10,0,0
BRDA:159,10,1,0
BRDA:164,11,0,0
BRDA:164,11,1,0
BRDA:166,12,0,0
BRDA:166,12,1,0
BRDA:173,13,0,0
BRDA:173,13,1,0
BRDA:179,14,0,0
BRDA:179,14,1,0
BRDA:181,15,0,0
BRDA:181,15,1,0
BRDA:188,16,0,0
BRDA:188,16,1,0
BRDA:191,17,0,0
BRDA:191,17,1,0
BRDA:196,18,0,0
BRDA:196,18,1,0
BRF:39
BRH:0
end_of_record
TN:
SF:src\components\ErrorBoundary\ErrorBoundary.jsx
FN:7,(anonymous_0)
FN:12,(anonymous_1)
FN:20,(anonymous_2)
FN:28,(anonymous_3)
FN:32,(anonymous_4)
FN:40,(anonymous_5)
FNF:6
FNH:0
FNDA:0,(anonymous_0)
FNDA:0,(anonymous_1)
FNDA:0,(anonymous_2)
FNDA:0,(anonymous_3)
FNDA:0,(anonymous_4)
FNDA:0,(anonymous_5)
DA:8,0
DA:9,0
DA:16,0
DA:17,0
DA:22,0
DA:24,0
DA:28,0
DA:29,0
DA:32,0
DA:33,0
DA:34,0
DA:36,0
DA:41,0
DA:42,0
DA:44,0
DA:45,0
DA:46,0
DA:55,0
DA:90,0
DA:94,0
LF:20
LH:0
BRDA:22,0,0,0
BRDA:22,0,1,0
BRDA:33,1,0,0
BRDA:33,1,1,0
BRDA:44,2,0,0
BRDA:44,2,1,0
BRDA:45,3,0,0
BRDA:45,3,1,0
BRDA:66,4,0,0
BRDA:66,4,1,0
BRF:10
BRH:0
end_of_record
TN:
SF:src\components\Footer\Footer.jsx
FN:9,(anonymous_0)
FN:37,(anonymous_1)
FN:52,(anonymous_2)
FNF:3
FNH:0
FNDA:0,(anonymous_0)
FNDA:0,(anonymous_1)
FNDA:0,(anonymous_2)
DA:9,0
DA:10,0
DA:17,0
DA:25,0
DA:38,0
DA:53,0
DA:80,0
LF:7
LH:0
BRDA:35,0,0,0
BRDA:35,0,1,0
BRF:2
BRH:0
end_of_record
TN:
SF:src\components\Header\Header.jsx
FN:18,(anonymous_0)
FN:24,(anonymous_1)
FN:30,(anonymous_2)
FN:36,(anonymous_3)
FN:42,(anonymous_4)
FN:48,(anonymous_5)
FN:52,(anonymous_6)
FN:69,(anonymous_7)
FN:84,(anonymous_8)
FN:95,(anonymous_9)
FN:116,(anonymous_10)
FN:126,(anonymous_11)
FNF:12
FNH:0
FNDA:0,(anonymous_0)
FNDA:0,(anonymous_1)
FNDA:0,(anonymous_2)
FNDA:0,(anonymous_3)
FNDA:0,(anonymous_4)
FNDA:0,(anonymous_5)
FNDA:0,(anonymous_6)
FNDA:0,(anonymous_7)
FNDA:0,(anonymous_8)
FNDA:0,(anonymous_9)
FNDA:0,(anonymous_10)
FNDA:0,(anonymous_11)
DA:8,0
DA:18,0
DA:19,0
DA:24,0
DA:25,0
DA:30,0
DA:31,0
DA:36,0
DA:37,0
DA:42,0
DA:43,0
DA:44,0
DA:45,0
DA:48,0
DA:49,0
DA:52,0
DA:53,0
DA:56,0
DA:70,0
DA:84,0
DA:95,0
DA:117,0
DA:126,0
LF:23
LH:0
BRDA:74,0,0,0
BRDA:74,0,1,0
BRDA:78,1,0,0
BRDA:78,1,1,0
BRDA:88,2,0,0
BRDA:88,2,1,0
BRDA:99,3,0,0
BRDA:99,3,1,0
BRDA:107,4,0,0
BRDA:107,4,1,0
BRDA:113,5,0,0
BRDA:113,5,1,0
BRDA:121,6,0,0
BRDA:121,6,1,0
BRDA:125,7,0,0
BRDA:125,7,1,0
BRF:16
BRH:0
end_of_record
TN:
SF:src\components\HeroSection\HeroSection.jsx
FN:6,(anonymous_0)
FNF:1
FNH:0
FNDA:0,(anonymous_0)
DA:6,0
DA:7,0
LF:2
LH:0
BRF:0
BRH:0
end_of_record
TN:
SF:src\components\Homepage\FinalCTA.jsx
FN:8,(anonymous_0)
FNF:1
FNH:0
FNDA:0,(anonymous_0)
DA:8,0
DA:16,0
DA:58,0
LF:3
LH:0
BRDA:13,0,0,0
BRDA:14,1,0,0
BRDA:33,2,0,0
BRDA:33,2,1,0
BRDA:40,3,0,0
BRDA:40,3,1,0
BRDA:49,4,0,0
BRDA:49,4,1,0
BRF:8
BRH:0
end_of_record
TN:
SF:src\components\Homepage\Homepage.jsx
FN:63,(anonymous_0)
FN:89,(anonymous_1)
FN:95,(anonymous_2)
FN:108,(anonymous_3)
FN:125,(anonymous_4)
FN:129,(anonymous_5)
FN:130,(anonymous_6)
FN:133,(anonymous_7)
FN:135,(anonymous_8)
FN:138,(anonymous_9)
FN:142,(anonymous_10)
FN:148,(anonymous_11)
FN:149,(anonymous_12)
FN:157,(anonymous_13)
FNF:14
FNH:0
FNDA:0,(anonymous_0)
FNDA:0,(anonymous_1)
FNDA:0,(anonymous_2)
FNDA:0,(anonymous_3)
FNDA:0,(anonymous_4)
FNDA:0,(anonymous_5)
FNDA:0,(anonymous_6)
FNDA:0,(anonymous_7)
FNDA:0,(anonymous_8)
FNDA:0,(anonymous_9)
FNDA:0,(anonymous_10)
FNDA:0,(anonymous_11)
FNDA:0,(anonymous_12)
FNDA:0,(anonymous_13)
DA:15,0
DA:16,0
DA:17,0
DA:19,0
DA:38,0
DA:63,0
DA:73,0
DA:75,0
DA:76,0
DA:78,0
DA:79,0
DA:80,0
DA:82,0
DA:83,0
DA:84,0
DA:86,0
DA:87,0
DA:89,0
DA:90,0
DA:91,0
DA:92,0
DA:95,0
DA:97,0
DA:98,0
DA:102,0
DA:104,0
DA:105,0
DA:108,0
DA:109,0
DA:110,0
DA:111,0
DA:112,0
DA:114,0
DA:115,0
DA:116,0
DA:117,0
DA:120,0
DA:121,0
DA:125,0
DA:126,0
DA:129,0
DA:130,0
DA:133,0
DA:134,0
DA:135,0
DA:138,0
DA:139,0
DA:142,0
DA:143,0
DA:144,0
DA:148,0
DA:149,0
DA:150,0
DA:151,0
DA:152,0
DA:153,0
DA:154,0
DA:156,0
DA:157,0
DA:160,0
LF:60
LH:0
BRDA:78,0,0,0
BRDA:78,0,1,0
BRDA:90,1,0,0
BRDA:90,1,1,0
BRDA:97,2,0,0
BRDA:97,2,1,0
BRDA:98,3,0,0
BRDA:98,3,1,0
BRDA:111,4,0,0
BRDA:111,4,1,0
BRDA:130,5,0,0
BRDA:130,5,1,0
BRDA:130,6,0,0
BRDA:130,6,1,0
BRDA:134,7,0,0
BRDA:134,7,1,0
BRDA:150,8,0,0
BRDA:150,8,1,0
BRDA:154,9,0,0
BRDA:154,9,1,0
BRF:20
BRH:0
end_of_record
TN:
SF:src\components\Homepage\ProjectsTeaser.jsx
FN:8,(anonymous_0)
FN:21,(anonymous_1)
FN:26,(anonymous_2)
FNF:3
FNH:0
FNDA:0,(anonymous_0)
FNDA:0,(anonymous_1)
FNDA:0,(anonymous_2)
DA:8,0
DA:9,0
DA:22,0
DA:26,0
DA:64,0
LF:5
LH:0
BRDA:24,0,0,0
BRDA:24,0,1,0
BRF:2
BRH:0
end_of_record
TN:
SF:src\components\Homepage\ServicesSection.jsx
FN:10,(anonymous_0)
FN:11,(anonymous_1)
FN:32,(anonymous_2)
FN:37,(anonymous_3)
FNF:4
FNH:0
FNDA:0,(anonymous_0)
FNDA:0,(anonymous_1)
FNDA:0,(anonymous_2)
FNDA:0,(anonymous_3)
DA:8,0
DA:10,0
DA:11,0
DA:12,0
DA:13,0
DA:18,0
DA:33,0
DA:37,0
DA:71,0
DA:83,0
LF:10
LH:0
BRDA:13,0,0,0
BRDA:13,0,1,0
BRDA:13,1,0,0
BRDA:13,1,1,0
BRF:4
BRH:0
end_of_record
TN:
SF:src\components\Homepage\TestimonialsSection.jsx
FN:9,(anonymous_0)
FN:29,(anonymous_1)
FNF:2
FNH:0
FNDA:0,(anonymous_0)
FNDA:0,(anonymous_1)
DA:7,0
DA:9,0
DA:10,0
DA:11,0
DA:23,0
DA:30,0
DA:53,0
LF:7
LH:0
BRDA:10,0,0,0
BRDA:10,0,1,0
BRDA:10,1,0,0
BRDA:10,1,1,0
BRDA:42,2,0,0
BRDA:42,2,1,0
BRF:6
BRH:0
end_of_record
TN:
SF:src\components\Layout\Footer.jsx
FN:4,(anonymous_0)
FNF:1
FNH:0
FNDA:0,(anonymous_0)
DA:4,0
DA:5,0
LF:2
LH:0
BRF:0
BRH:0
end_of_record
TN:
SF:src\components\Layout\Header.jsx
FN:19,(anonymous_0)
FN:25,(anonymous_1)
FN:31,(anonymous_2)
FN:37,(anonymous_3)
FN:43,(anonymous_4)
FN:49,(anonymous_5)
FN:53,(anonymous_6)
FN:72,(anonymous_7)
FN:87,(anonymous_8)
FN:98,(anonymous_9)
FN:119,(anonymous_10)
FN:129,(anonymous_11)
FNF:12
FNH:0
FNDA:0,(anonymous_0)
FNDA:0,(anonymous_1)
FNDA:0,(anonymous_2)
FNDA:0,(anonymous_3)
FNDA:0,(anonymous_4)
FNDA:0,(anonymous_5)
FNDA:0,(anonymous_6)
FNDA:0,(anonymous_7)
FNDA:0,(anonymous_8)
FNDA:0,(anonymous_9)
FNDA:0,(anonymous_10)
FNDA:0,(anonymous_11)
DA:9,0
DA:19,0
DA:20,0
DA:25,0
DA:26,0
DA:31,0
DA:32,0
DA:37,0
DA:38,0
DA:43,0
DA:44,0
DA:45,0
DA:46,0
DA:49,0
DA:50,0
DA:53,0
DA:54,0
DA:57,0
DA:73,0
DA:87,0
DA:98,0
DA:120,0
DA:129,0
DA:141,0
LF:24
LH:0
BRDA:77,0,0,0
BRDA:77,0,1,0
BRDA:81,1,0,0
BRDA:81,1,1,0
BRDA:91,2,0,0
BRDA:91,2,1,0
BRDA:102,3,0,0
BRDA:102,3,1,0
BRDA:110,4,0,0
BRDA:110,4,1,0
BRDA:116,5,0,0
BRDA:116,5,1,0
BRDA:124,6,0,0
BRDA:124,6,1,0
BRDA:128,7,0,0
BRDA:128,7,1,0
BRF:16
BRH:0
end_of_record
TN:
SF:src\components\Layout\Layout.jsx
FN:9,(anonymous_0)
FNF:1
FNH:0
FNDA:0,(anonymous_0)
DA:7,0
DA:9,0
DA:10,0
DA:39,0
LF:4
LH:0
BRF:0
BRH:0
end_of_record
TN:
SF:src\components\Layout\PageWrapper.jsx
FN:22,(anonymous_0)
FNF:1
FNH:0
FNDA:0,(anonymous_0)
DA:6,0
DA:22,0
DA:33,0
DA:38,0
DA:53,0
LF:5
LH:0
BRDA:24,0,0,0
BRDA:25,1,0,0
BRDA:26,2,0,0
BRDA:28,3,0,0
BRDA:33,4,0,0
BRDA:33,4,1,0
BRF:6
BRH:0
end_of_record
TN:
SF:src\components\NotFoundPage\NotFoundPage.jsx
FN:6,(anonymous_0)
FNF:1
FNH:0
FNDA:0,(anonymous_0)
DA:6,0
DA:7,0
LF:2
LH:0
BRF:0
BRH:0
end_of_record
TN:
SF:src\components\Portfolio\CategoryDropdown.jsx
FN:5,(anonymous_0)
FN:11,(anonymous_1)
FN:11,(anonymous_2)
FN:14,(anonymous_3)
FN:15,(anonymous_4)
FN:22,(anonymous_5)
FN:32,(anonymous_6)
FN:38,(anonymous_7)
FN:43,(anonymous_8)
FN:52,(anonymous_9)
FN:108,(anonymous_10)
FN:111,(anonymous_11)
FN:114,(anonymous_12)
FNF:13
FNH:0
FNDA:0,(anonymous_0)
FNDA:0,(anonymous_1)
FNDA:0,(anonymous_2)
FNDA:0,(anonymous_3)
FNDA:0,(anonymous_4)
FNDA:0,(anonymous_5)
FNDA:0,(anonymous_6)
FNDA:0,(anonymous_7)
FNDA:0,(anonymous_8)
FNDA:0,(anonymous_9)
FNDA:0,(anonymous_10)
FNDA:0,(anonymous_11)
FNDA:0,(anonymous_12)
DA:5,0
DA:6,0
DA:7,0
DA:8,0
DA:9,0
DA:11,0
DA:14,0
DA:15,0
DA:16,0
DA:17,0
DA:18,0
DA:22,0
DA:23,0
DA:24,0
DA:25,0
DA:29,0
DA:30,0
DA:32,0
DA:33,0
DA:34,0
DA:38,0
DA:39,0
DA:41,0
DA:42,0
DA:43,0
DA:44,0
DA:45,0
DA:46,0
DA:50,0
DA:51,0
DA:52,0
DA:53,0
DA:54,0
DA:55,0
DA:59,0
DA:60,0
DA:61,0
DA:64,0
DA:65,0
DA:66,0
DA:70,0
DA:109,0
DA:111,0
DA:115,0
DA:116,0
DA:135,0
LF:46
LH:0
BRDA:16,0,0,0
BRDA:16,0,1,0
BRDA:16,1,0,0
BRDA:16,1,1,0
BRDA:23,2,0,0
BRDA:23,2,1,0
BRDA:39,3,0,0
BRDA:39,3,1,0
BRDA:41,4,0,0
BRDA:41,4,1,0
BRDA:44,5,0,0
BRDA:44,5,1,0
BRDA:50,6,0,0
BRDA:50,6,1,0
BRDA:53,7,0,0
BRDA:53,7,1,0
BRDA:59,8,0,0
BRDA:59,8,1,0
BRDA:59,9,0,0
BRDA:59,9,1,0
BRDA:64,10,0,0
BRDA:64,10,1,0
BRDA:84,11,0,0
BRDA:84,11,1,0
BRDA:101,12,0,0
BRDA:101,12,1,0
BRDA:120,13,0,0
BRDA:120,13,1,0
BRF:28
BRH:0
end_of_record
TN:
SF:src\components\PortfolioPage\CategoryFilter.jsx
FN:4,(anonymous_0)
FN:15,(anonymous_1)
FN:41,(anonymous_2)
FN:41,(anonymous_3)
FN:68,(anonymous_4)
FN:71,(anonymous_5)
FN:72,(anonymous_6)
FN:73,(anonymous_7)
FN:93,(anonymous_8)
FN:96,(anonymous_9)
FNF:10
FNH:0
FNDA:0,(anonymous_0)
FNDA:0,(anonymous_1)
FNDA:0,(anonymous_2)
FNDA:0,(anonymous_3)
FNDA:0,(anonymous_4)
FNDA:0,(anonymous_5)
FNDA:0,(anonymous_6)
FNDA:0,(anonymous_7)
FNDA:0,(anonymous_8)
FNDA:0,(anonymous_9)
DA:4,0
DA:15,0
DA:16,0
DA:35,0
DA:41,0
DA:69,0
DA:71,0
DA:72,0
DA:73,0
DA:94,0
DA:96,0
DA:114,0
LF:12
LH:0
BRDA:63,0,0,0
BRDA:63,0,1,0
BRDA:75,1,0,0
BRDA:75,1,1,0
BRDA:84,2,0,0
BRDA:84,2,1,0
BRDA:84,2,2,0
BRDA:98,3,0,0
BRDA:98,3,1,0
BRDA:106,4,0,0
BRDA:106,4,1,0
BRDA:106,4,2,0
BRF:12
BRH:0
end_of_record
TN:
SF:src\components\PortfolioPage\PaginationControls.jsx
FN:4,(anonymous_0)
FN:53,(anonymous_1)
FN:62,(anonymous_2)
FN:72,(anonymous_3)
FN:76,(anonymous_4)
FN:98,(anonymous_5)
FNF:6
FNH:0
FNDA:0,(anonymous_0)
FNDA:0,(anonymous_1)
FNDA:0,(anonymous_2)
FNDA:0,(anonymous_3)
FNDA:0,(anonymous_4)
FNDA:0,(anonymous_5)
DA:4,0
DA:5,0
DA:8,0
DA:13,0
DA:14,0
DA:15,0
DA:17,0
DA:21,0
DA:25,0
DA:26,0
DA:30,0
DA:31,0
DA:33,0
DA:34,0
DA:35,0
DA:41,0
DA:42,0
DA:46,0
DA:47,0
DA:50,0
DA:53,0
DA:54,0
DA:56,0
DA:58,0
DA:62,0
DA:73,0
DA:76,0
DA:98,0
DA:109,0
DA:117,0
LF:30
LH:0
BRDA:4,0,0,0
BRDA:13,1,0,0
BRDA:13,1,1,0
BRDA:25,2,0,0
BRDA:25,2,1,0
BRDA:34,3,0,0
BRDA:34,3,1,0
BRDA:41,4,0,0
BRDA:41,4,1,0
BRDA:46,5,0,0
BRDA:46,5,1,0
BRDA:53,6,0,0
BRDA:54,7,0,0
BRDA:54,7,1,0
BRDA:63,8,0,0
BRDA:63,8,1,0
BRDA:73,9,0,0
BRDA:73,9,1,0
BRDA:78,10,0,0
BRDA:78,10,1,0
BRDA:81,11,0,0
BRDA:81,11,1,0
BRDA:83,12,0,0
BRDA:83,12,1,0
BRDA:99,13,0,0
BRDA:99,13,1,0
BRF:26
BRH:0
end_of_record
TN:
SF:src\components\PortfolioPage\PortfolioPage.jsx
FN:13,(anonymous_0)
FN:16,(anonymous_1)
FN:25,(anonymous_2)
FN:70,(anonymous_3)
FNF:4
FNH:0
FNDA:0,(anonymous_0)
FNDA:0,(anonymous_1)
FNDA:0,(anonymous_2)
FNDA:0,(anonymous_3)
DA:13,0
DA:14,0
DA:16,0
DA:17,0
DA:20,0
DA:22,0
DA:23,0
DA:25,0
DA:26,0
DA:37,0
DA:71,0
DA:102,0
LF:12
LH:0
BRDA:25,0,0,0
BRDA:28,1,0,0
BRDA:28,1,1,0
BRDA:29,2,0,0
BRDA:29,2,1,0
BRDA:60,3,0,0
BRDA:60,3,1,0
BRDA:61,4,0,0
BRDA:61,4,1,0
BRDA:62,5,0,0
BRDA:62,5,1,0
BRDA:62,5,2,0
BRDA:62,5,3,0
BRDA:64,6,0,0
BRDA:64,6,1,0
BRDA:64,6,2,0
BRDA:64,6,3,0
BRF:17
BRH:0
end_of_record
TN:
SF:src\components\PortfolioPage\ProjectCard.jsx
FN:5,(anonymous_0)
FNF:1
FNH:0
FNDA:0,(anonymous_0)
DA:5,0
DA:6,0
DA:45,0
LF:3
LH:0
BRDA:11,0,0,0
BRDA:11,0,1,0
BRDA:11,1,0,0
BRDA:11,1,1,0
BRDA:35,2,0,0
BRDA:35,2,1,0
BRF:6
BRH:0
end_of_record
TN:
SF:src\components\PortfolioTeaser\PortfolioTeaser.jsx
FN:7,(anonymous_0)
FN:28,(anonymous_1)
FNF:2
FNH:0
FNDA:0,(anonymous_0)
FNDA:0,(anonymous_1)
DA:7,0
DA:8,0
DA:10,0
DA:29,0
DA:81,0
LF:5
LH:0
BRDA:8,0,0,0
BRDA:8,0,1,0
BRDA:8,1,0,0
BRDA:8,1,1,0
BRDA:39,2,0,0
BRDA:39,2,1,0
BRF:6
BRH:0
end_of_record
TN:
SF:src\components\Section\Section.jsx
FN:5,(anonymous_0)
FNF:1
FNH:0
FNDA:0,(anonymous_0)
DA:5,0
DA:21,0
DA:22,0
DA:24,0
DA:25,0
DA:28,0
DA:53,0
DA:72,0
LF:8
LH:0
BRDA:7,0,0,0
BRDA:8,1,0,0
BRDA:15,2,0,0
BRDA:16,3,0,0
BRDA:17,4,0,0
BRDA:25,5,0,0
BRDA:25,5,1,0
BRDA:25,6,0,0
BRDA:25,6,1,0
BRDA:29,7,0,0
BRDA:29,7,1,0
BRDA:29,7,2,0
BRDA:31,8,0,0
BRDA:31,8,1,0
BRDA:34,9,0,0
BRDA:34,9,1,0
BRDA:42,10,0,0
BRDA:42,10,1,0
BRDA:61,11,0,0
BRDA:61,11,1,0
BRF:20
BRH:0
end_of_record
TN:
SF:src\components\ServicesPage\ServicesPage.jsx
FN:13,(anonymous_0)
FN:59,(anonymous_1)
FNF:2
FNH:0
FNDA:0,(anonymous_0)
FNDA:0,(anonymous_1)
DA:11,0
DA:13,0
DA:14,0
DA:19,0
DA:60,0
DA:121,0
LF:6
LH:0
BRDA:42,0,0,0
BRDA:42,0,1,0
BRDA:47,1,0,0
BRDA:47,1,1,0
BRDA:49,2,0,0
BRDA:49,2,1,0
BRDA:52,3,0,0
BRDA:52,3,1,0
BRDA:52,3,2,0
BRDA:52,3,3,0
BRDA:52,3,4,0
BRDA:57,4,0,0
BRDA:57,4,1,0
BRDA:57,4,2,0
BRDA:57,4,3,0
BRDA:57,4,4,0
BRDA:68,5,0,0
BRDA:68,5,1,0
BRDA:77,6,0,0
BRDA:77,6,1,0
BRF:20
BRH:0
end_of_record
TN:
SF:src\components\ServicesSection\ServicesSection.jsx
FN:7,(anonymous_0)
FN:25,(anonymous_1)
FNF:2
FNH:0
FNDA:0,(anonymous_0)
FNDA:0,(anonymous_1)
DA:7,0
DA:8,0
DA:26,0
DA:27,0
DA:73,0
LF:5
LH:0
BRDA:39,0,0,0
BRDA:39,0,1,0
BRF:2
BRH:0
end_of_record
TN:
SF:src\components\TestimonialsSection\TestimonialsSection.jsx
FN:7,(anonymous_0)
FN:28,(anonymous_1)
FNF:2
FNH:0
FNDA:0,(anonymous_0)
FNDA:0,(anonymous_1)
DA:7,0
DA:8,0
DA:10,0
DA:29,0
DA:67,0
LF:5
LH:0
BRDA:7,0,0,0
BRDA:8,1,0,0
BRDA:8,1,1,0
BRDA:8,2,0,0
BRDA:8,2,1,0
BRDA:30,3,0,0
BRDA:30,3,1,0
BRDA:45,4,0,0
BRDA:45,4,1,0
BRDA:46,5,0,0
BRDA:46,5,1,0
BRF:11
BRH:0
end_of_record
TN:
SF:src\components\chat\ChatWindow.jsx
FN:11,trackEvent
FN:28,(anonymous_1)
FN:39,(anonymous_2)
FN:50,(anonymous_3)
FN:57,(anonymous_4)
FN:61,(anonymous_5)
FN:65,(anonymous_6)
FN:73,(anonymous_7)
FN:74,(anonymous_8)
FN:85,(anonymous_9)
FN:89,(anonymous_10)
FN:92,(anonymous_11)
FN:107,(anonymous_12)
FN:114,(anonymous_13)
FN:125,(anonymous_14)
FN:126,(anonymous_15)
FN:146,(anonymous_16)
FN:147,(anonymous_17)
FN:153,(anonymous_18)
FN:160,(anonymous_19)
FN:168,(anonymous_20)
FN:171,(anonymous_21)
FN:177,(anonymous_22)
FN:182,(anonymous_23)
FN:202,(anonymous_24)
FN:203,(anonymous_25)
FN:206,(anonymous_26)
FN:207,(anonymous_27)
FN:215,(anonymous_28)
FN:229,(anonymous_29)
FN:239,(anonymous_30)
FN:251,(anonymous_31)
FN:302,(anonymous_32)
FN:303,(anonymous_33)
FN:313,(anonymous_34)
FN:314,(anonymous_35)
FN:369,(anonymous_36)
FN:388,(anonymous_37)
FN:394,(anonymous_38)
FNF:39
FNH:0
FNDA:0,trackEvent
FNDA:0,(anonymous_1)
FNDA:0,(anonymous_2)
FNDA:0,(anonymous_3)
FNDA:0,(anonymous_4)
FNDA:0,(anonymous_5)
FNDA:0,(anonymous_6)
FNDA:0,(anonymous_7)
FNDA:0,(anonymous_8)
FNDA:0,(anonymous_9)
FNDA:0,(anonymous_10)
FNDA:0,(anonymous_11)
FNDA:0,(anonymous_12)
FNDA:0,(anonymous_13)
FNDA:0,(anonymous_14)
FNDA:0,(anonymous_15)
FNDA:0,(anonymous_16)
FNDA:0,(anonymous_17)
FNDA:0,(anonymous_18)
FNDA:0,(anonymous_19)
FNDA:0,(anonymous_20)
FNDA:0,(anonymous_21)
FNDA:0,(anonymous_22)
FNDA:0,(anonymous_23)
FNDA:0,(anonymous_24)
FNDA:0,(anonymous_25)
FNDA:0,(anonymous_26)
FNDA:0,(anonymous_27)
FNDA:0,(anonymous_28)
FNDA:0,(anonymous_29)
FNDA:0,(anonymous_30)
FNDA:0,(anonymous_31)
FNDA:0,(anonymous_32)
FNDA:0,(anonymous_33)
FNDA:0,(anonymous_34)
FNDA:0,(anonymous_35)
FNDA:0,(anonymous_36)
FNDA:0,(anonymous_37)
FNDA:0,(anonymous_38)
DA:12,0
DA:13,0
DA:17,0
DA:18,0
DA:19,0
DA:20,0
DA:21,0
DA:22,0
DA:23,0
DA:25,0
DA:26,0
DA:28,0
DA:31,0
DA:34,0
DA:35,0
DA:36,0
DA:37,0
DA:38,0
DA:39,0
DA:40,0
DA:41,0
DA:43,0
DA:44,0
DA:45,0
DA:46,0
DA:47,0
DA:48,0
DA:50,0
DA:51,0
DA:52,0
DA:53,0
DA:57,0
DA:58,0
DA:61,0
DA:62,0
DA:65,0
DA:66,0
DA:67,0
DA:68,0
DA:69,0
DA:70,0
DA:71,0
DA:73,0
DA:74,0
DA:80,0
DA:82,0
DA:85,0
DA:86,0
DA:87,0
DA:88,0
DA:89,0
DA:90,0
DA:91,0
DA:92,0
DA:93,0
DA:94,0
DA:95,0
DA:96,0
DA:97,0
DA:98,0
DA:99,0
DA:100,0
DA:104,0
DA:105,0
DA:106,0
DA:107,0
DA:108,0
DA:109,0
DA:110,0
DA:112,0
DA:113,0
DA:114,0
DA:115,0
DA:116,0
DA:117,0
DA:118,0
DA:125,0
DA:126,0
DA:127,0
DA:128,0
DA:130,0
DA:133,0
DA:134,0
DA:136,0
DA:137,0
DA:138,0
DA:139,0
DA:144,0
DA:145,0
DA:146,0
DA:147,0
DA:153,0
DA:160,0
DA:163,0
DA:164,0
DA:165,0
DA:167,0
DA:168,0
DA:171,0
DA:177,0
DA:178,0
DA:182,0
DA:183,0
DA:184,0
DA:185,0
DA:198,0
DA:199,0
DA:200,0
DA:202,0
DA:203,0
DA:204,0
DA:206,0
DA:207,0
DA:208,0
DA:211,0
DA:215,0
DA:216,0
DA:217,0
DA:219,0
DA:220,0
DA:222,0
DA:223,0
DA:224,0
DA:226,0
DA:227,0
DA:228,0
DA:229,0
DA:230,0
DA:232,0
DA:233,0
DA:235,0
DA:239,0
DA:240,0
DA:243,0
DA:252,0
DA:303,0
DA:304,0
DA:314,0
DA:315,0
DA:369,0
DA:389,0
DA:395,0
DA:396,0
DA:397,0
DA:398,0
DA:399,0
LF:146
LH:0
BRDA:12,0,0,0
BRDA:12,0,1,0
BRDA:12,1,0,0
BRDA:12,1,1,0
BRDA:25,2,0,0
BRDA:25,2,1,0
BRDA:26,3,0,0
BRDA:26,3,1,0
BRDA:41,4,0,0
BRDA:41,4,1,0
BRDA:52,5,0,0
BRDA:52,5,1,0
BRDA:69,6,0,0
BRDA:69,6,1,0
BRDA:86,7,0,0
BRDA:86,7,1,0
BRDA:86,8,0,0
BRDA:86,8,1,0
BRDA:87,9,0,0
BRDA:87,9,1,0
BRDA:89,10,0,0
BRDA:89,10,1,0
BRDA:90,11,0,0
BRDA:90,11,1,0
BRDA:92,12,0,0
BRDA:92,12,1,0
BRDA:93,13,0,0
BRDA:93,13,1,0
BRDA:93,14,0,0
BRDA:93,14,1,0
BRDA:104,15,0,0
BRDA:104,15,1,0
BRDA:104,16,0,0
BRDA:104,16,1,0
BRDA:105,17,0,0
BRDA:105,17,1,0
BRDA:108,18,0,0
BRDA:108,18,1,0
BRDA:112,19,0,0
BRDA:112,19,1,0
BRDA:115,20,0,0
BRDA:115,20,1,0
BRDA:127,21,0,0
BRDA:127,21,1,0
BRDA:127,22,0,0
BRDA:127,22,1,0
BRDA:136,23,0,0
BRDA:136,23,1,0
BRDA:145,24,0,0
BRDA:145,24,1,0
BRDA:145,25,0,0
BRDA:145,25,1,0
BRDA:146,26,0,0
BRDA:146,26,1,0
BRDA:146,26,2,0
BRDA:155,27,0,0
BRDA:155,27,1,0
BRDA:164,28,0,0
BRDA:164,28,1,0
BRDA:164,29,0,0
BRDA:164,29,1,0
BRDA:167,30,0,0
BRDA:167,30,1,0
BRDA:167,31,0,0
BRDA:167,31,1,0
BRDA:183,32,0,0
BRDA:183,32,1,0
BRDA:198,33,0,0
BRDA:198,33,1,0
BRDA:200,34,0,0
BRDA:200,34,1,0
BRDA:204,35,0,0
BRDA:204,35,1,0
BRDA:208,36,0,0
BRDA:208,36,1,0
BRDA:217,37,0,0
BRDA:217,37,1,0
BRDA:232,38,0,0
BRDA:232,38,1,0
BRDA:260,39,0,0
BRDA:260,39,1,0
BRDA:271,40,0,0
BRDA:271,40,1,0
BRDA:279,41,0,0
BRDA:279,41,1,0
BRDA:281,42,0,0
BRDA:281,42,1,0
BRDA:282,43,0,0
BRDA:282,43,1,0
BRDA:282,43,2,0
BRDA:285,44,0,0
BRDA:285,44,1,0
BRDA:285,44,2,0
BRDA:290,45,0,0
BRDA:290,45,1,0
BRDA:290,45,2,0
BRDA:300,46,0,0
BRDA:300,46,1,0
BRDA:311,47,0,0
BRDA:311,47,1,0
BRDA:321,48,0,0
BRDA:321,48,1,0
BRDA:336,49,0,0
BRDA:336,49,1,0
BRDA:345,50,0,0
BRDA:345,50,1,0
BRDA:351,51,0,0
BRDA:351,51,1,0
BRDA:356,52,0,0
BRDA:356,52,1,0
BRDA:359,53,0,0
BRDA:359,53,1,0
BRDA:364,54,0,0
BRDA:364,54,1,0
BRDA:364,54,2,0
BRDA:376,55,0,0
BRDA:376,55,1,0
BRDA:382,56,0,0
BRDA:382,56,1,0
BRDA:382,56,2,0
BRDA:391,57,0,0
BRDA:391,57,1,0
BRDA:410,58,0,0
BRDA:410,58,1,0
BRF:124
BRH:0
end_of_record
TN:
SF:src\components\feautures\CommentForm.jsx
FN:5,submitComment
FN:8,(anonymous_1)
FN:26,CommentForm
FN:39,(anonymous_3)
FN:49,handleSubmit
FN:60,(anonymous_5)
FN:64,(anonymous_6)
FN:72,(anonymous_7)
FN:72,(anonymous_8)
FN:95,(anonymous_9)
FNF:10
FNH:0
FNDA:0,submitComment
FNDA:0,(anonymous_1)
FNDA:0,CommentForm
FNDA:0,(anonymous_3)
FNDA:0,handleSubmit
FNDA:0,(anonymous_5)
FNDA:0,(anonymous_6)
FNDA:0,(anonymous_7)
FNDA:0,(anonymous_8)
FNDA:0,(anonymous_9)
DA:6,0
DA:8,0
DA:11,0
DA:12,0
DA:17,0
DA:28,0
DA:31,0
DA:32,0
DA:33,0
DA:37,0
DA:39,0
DA:50,0
DA:51,0
DA:53,0
DA:54,0
DA:55,0
DA:57,0
DA:59,0
DA:60,0
DA:64,0
DA:66,0
DA:68,0
DA:72,0
DA:74,0
DA:78,0
DA:96,0
LF:26
LH:0
BRDA:11,0,0,0
BRDA:11,0,1,0
BRDA:51,1,0,0
BRDA:51,1,1,0
BRDA:64,2,0,0
BRDA:64,2,1,0
BRDA:68,3,0,0
BRDA:68,3,1,0
BRDA:72,4,0,0
BRDA:72,4,1,0
BRDA:91,5,0,0
BRDA:91,5,1,0
BRDA:96,6,0,0
BRDA:96,6,1,0
BRDA:98,7,0,0
BRDA:98,7,1,0
BRDA:102,8,0,0
BRDA:102,8,1,0
BRF:18
BRH:0
end_of_record
TN:
SF:src\components\ui\Accordion.jsx
FN:6,(anonymous_0)
FN:24,(anonymous_1)
FN:44,(anonymous_2)
FN:89,(anonymous_3)
FN:102,(anonymous_4)
FN:104,(anonymous_5)
FN:114,(anonymous_6)
FN:120,(anonymous_7)
FN:126,(anonymous_8)
FNF:9
FNH:0
FNDA:0,(anonymous_0)
FNDA:0,(anonymous_1)
FNDA:0,(anonymous_2)
FNDA:0,(anonymous_3)
FNDA:0,(anonymous_4)
FNDA:0,(anonymous_5)
FNDA:0,(anonymous_6)
FNDA:0,(anonymous_7)
FNDA:0,(anonymous_8)
DA:6,0
DA:7,0
DA:8,0
DA:9,0
DA:10,0
DA:11,0
DA:12,0
DA:13,0
DA:14,0
DA:15,0
DA:16,0
DA:17,0
DA:18,0
DA:19,0
DA:20,0
DA:24,0
DA:35,0
DA:36,0
DA:38,0
DA:44,0
DA:73,0
DA:89,0
DA:99,0
DA:100,0
DA:102,0
DA:103,0
DA:104,0
DA:105,0
DA:106,0
DA:107,0
DA:109,0
DA:111,0
DA:114,0
DA:118,0
DA:121,0
DA:126,0
DA:141,0
LF:37
LH:0
BRDA:7,0,0,0
BRDA:7,0,1,0
BRDA:11,1,0,0
BRDA:11,1,1,0
BRDA:15,2,0,0
BRDA:15,2,1,0
BRDA:18,3,0,0
BRDA:18,3,1,0
BRDA:29,4,0,0
BRDA:30,5,0,0
BRDA:31,6,0,0
BRDA:32,7,0,0
BRDA:53,8,0,0
BRDA:53,8,1,0
BRDA:59,9,0,0
BRDA:59,9,1,0
BRDA:90,10,0,0
BRDA:91,11,0,0
BRDA:92,12,0,0
BRDA:103,13,0,0
BRDA:103,13,1,0
BRDA:106,14,0,0
BRDA:106,14,1,0
BRDA:114,15,0,0
BRDA:114,15,1,0
BRDA:122,16,0,0
BRDA:122,16,1,0
BRDA:125,17,0,0
BRDA:125,17,1,0
BRDA:125,18,0,0
BRDA:125,18,1,0
BRDA:125,19,0,0
BRDA:125,19,1,0
BRF:33
BRH:0
end_of_record
TN:
SF:src\components\ui\Alert.jsx
FN:5,(anonymous_0)
FNF:1
FNH:0
FNDA:0,(anonymous_0)
DA:5,1
DA:13,0
DA:20,0
DA:22,0
DA:38,1
LF:5
LH:2
BRDA:6,0,0,0
BRDA:9,1,0,0
BRDA:20,2,0,0
BRDA:20,2,1,0
BRDA:25,3,0,0
BRDA:25,3,1,0
BRDA:29,4,0,0
BRDA:29,4,1,0
BRF:8
BRH:0
end_of_record
TN:
SF:src\components\ui\AsyncValidationForm.jsx
FN:9,(anonymous_0)
FN:11,(anonymous_1)
FN:13,(anonymous_2)
FN:20,(anonymous_3)
FN:28,(anonymous_4)
FN:56,(anonymous_5)
FN:67,(anonymous_6)
FN:72,(anonymous_7)
FNF:8
FNH:7
FNDA:63,(anonymous_0)
FNDA:52,(anonymous_1)
FNDA:3,(anonymous_2)
FNDA:63,(anonymous_3)
FNDA:3,(anonymous_4)
FNDA:56,(anonymous_5)
FNDA:52,(anonymous_6)
FNDA:0,(anonymous_7)
DA:9,1
DA:11,63
DA:12,52
DA:13,52
DA:14,3
DA:20,1
DA:21,63
DA:22,63
DA:23,63
DA:24,63
DA:25,63
DA:28,63
DA:29,3
DA:30,0
DA:31,0
DA:32,0
DA:33,0
DA:35,3
DA:36,3
DA:37,3
DA:38,3
DA:39,0
DA:40,0
DA:41,0
DA:43,0
DA:44,0
DA:47,3
DA:48,3
DA:50,3
DA:54,63
DA:56,63
DA:57,56
DA:58,52
DA:59,4
DA:60,4
DA:61,4
DA:62,4
DA:67,63
DA:68,52
DA:69,52
DA:72,63
DA:73,0
DA:74,0
DA:75,0
DA:76,0
DA:77,0
DA:78,0
DA:81,0
DA:85,63
DA:87,63
DA:112,1
DA:123,1
LF:52
LH:36
BRDA:20,0,0,63
BRDA:29,1,0,0
BRDA:29,1,1,3
BRDA:39,2,0,0
BRDA:39,2,1,0
BRDA:44,3,0,0
BRDA:44,3,1,0
BRDA:57,4,0,52
BRDA:57,4,1,4
BRDA:57,5,0,56
BRDA:57,5,1,52
BRDA:59,6,0,4
BRDA:59,6,1,0
BRDA:74,7,0,0
BRDA:74,7,1,0
BRDA:74,8,0,0
BRDA:74,8,1,0
BRDA:74,8,2,0
BRDA:76,9,0,0
BRDA:76,9,1,0
BRDA:76,10,0,0
BRDA:76,10,1,0
BRDA:78,11,0,0
BRDA:78,11,1,0
BRDA:78,12,0,0
BRDA:78,12,1,0
BRDA:78,12,2,0
BRDA:78,12,3,0
BRDA:85,13,0,63
BRDA:85,13,1,0
BRDA:85,13,2,0
BRDA:97,14,0,3
BRDA:97,14,1,60
BRDA:97,15,0,63
BRDA:97,15,1,3
BRDA:101,16,0,63
BRDA:101,16,1,0
BRDA:104,17,0,63
BRDA:104,17,1,0
BRF:39
BRH:14
end_of_record
TN:
SF:src\components\ui\Avatar.jsx
FN:5,(anonymous_0)
FNF:1
FNH:0
FNDA:0,(anonymous_0)
DA:5,0
DA:13,0
DA:21,0
DA:23,0
DA:31,0
DA:42,0
LF:6
LH:0
BRDA:7,0,0,0
BRDA:9,1,0,0
BRDA:10,2,0,0
BRDA:21,3,0,0
BRDA:21,3,1,0
BRDA:23,4,0,0
BRDA:23,4,1,0
BRDA:24,5,0,0
BRDA:24,5,1,0
BRDA:25,6,0,0
BRDA:25,6,1,0
BRDA:34,7,0,0
BRDA:34,7,1,0
BRF:13
BRH:0
end_of_record
TN:
SF:src\components\ui\Badge.jsx
FN:5,(anonymous_0)
FNF:1
FNH:0
FNDA:0,(anonymous_0)
DA:5,0
DA:14,0
DA:24,0
DA:31,0
DA:32,0
DA:34,0
DA:46,0
LF:7
LH:0
BRDA:7,0,0,0
BRDA:8,1,0,0
BRDA:9,2,0,0
BRDA:31,3,0,0
BRDA:31,3,1,0
BRDA:32,4,0,0
BRDA:32,4,1,0
BRF:7
BRH:0
end_of_record
TN:
SF:src\components\ui\Breadcrumb.jsx
FN:5,(anonymous_0)
FN:8,(anonymous_1)
FN:13,(anonymous_2)
FNF:3
FNH:0
FNDA:0,(anonymous_0)
FNDA:0,(anonymous_1)
FNDA:0,(anonymous_2)
DA:5,0
DA:6,0
DA:8,0
DA:9,0
DA:10,0
DA:13,0
DA:14,0
DA:15,0
DA:36,0
DA:45,0
DA:56,0
LF:11
LH:0
BRDA:5,0,0,0
BRDA:5,1,0,0
BRDA:9,2,0,0
BRDA:9,2,1,0
BRDA:9,3,0,0
BRDA:9,3,1,0
BRDA:14,4,0,0
BRDA:14,4,1,0
BRDA:17,5,0,0
BRDA:17,5,1,0
BRDA:20,6,0,0
BRDA:20,6,1,0
BRDA:21,7,0,0
BRDA:21,7,1,0
BRDA:28,8,0,0
BRDA:28,8,1,0
BRDA:28,8,2,0
BRF:17
BRH:0
end_of_record
TN:
SF:src\components\ui\Button.jsx
FN:32,(anonymous_0)
FNF:1
FNH:1
FNDA:71,(anonymous_0)
DA:7,4
DA:14,4
DA:31,4
DA:52,71
DA:54,71
DA:55,71
DA:57,71
DA:97,4
DA:105,4
DA:106,4
DA:107,4
DA:122,4
LF:12
LH:12
BRDA:36,0,0,12
BRDA:42,1,0,67
BRDA:43,2,0,70
BRDA:44,3,0,71
BRDA:45,4,0,71
BRDA:54,5,0,71
BRDA:54,5,1,3
BRDA:55,6,0,71
BRDA:55,6,1,1
BRDA:66,7,0,0
BRDA:66,7,1,71
BRDA:67,8,0,0
BRDA:67,8,1,71
BRDA:80,9,0,0
BRDA:80,9,1,71
BRDA:87,10,0,71
BRDA:87,10,1,0
BRDA:92,11,0,0
BRDA:92,11,1,71
BRDA:105,12,0,4
BRDA:105,12,1,0
BRF:21
BRH:15
end_of_record
TN:
SF:src\components\ui\Card.jsx
FN:6,(anonymous_0)
FN:36,(anonymous_1)
FNF:2
FNH:1
FNDA:2,(anonymous_0)
FNDA:0,(anonymous_1)
DA:6,1
DA:15,2
DA:16,2
DA:18,2
DA:37,0
DA:46,1
LF:6
LH:5
BRDA:11,0,0,1
BRDA:12,1,0,2
BRDA:19,2,0,2
BRDA:19,2,1,1
BRDA:20,3,0,2
BRDA:20,3,1,0
BRDA:24,4,0,2
BRDA:24,4,1,1
BRDA:29,5,0,2
BRDA:29,5,1,0
BRDA:34,6,0,2
BRDA:34,6,1,0
BRF:12
BRH:9
end_of_record
TN:
SF:src\components\ui\CategoryFilter.jsx
FN:4,(anonymous_0)
FN:11,(anonymous_1)
FN:20,(anonymous_2)
FN:37,(anonymous_3)
FN:38,(anonymous_4)
FN:47,(anonymous_5)
FN:56,(anonymous_6)
FN:56,(anonymous_7)
FN:69,(anonymous_8)
FN:72,(anonymous_9)
FN:73,(anonymous_10)
FN:74,(anonymous_11)
FN:92,(anonymous_12)
FN:95,(anonymous_13)
FNF:14
FNH:0
FNDA:0,(anonymous_0)
FNDA:0,(anonymous_1)
FNDA:0,(anonymous_2)
FNDA:0,(anonymous_3)
FNDA:0,(anonymous_4)
FNDA:0,(anonymous_5)
FNDA:0,(anonymous_6)
FNDA:0,(anonymous_7)
FNDA:0,(anonymous_8)
FNDA:0,(anonymous_9)
FNDA:0,(anonymous_10)
FNDA:0,(anonymous_11)
FNDA:0,(anonymous_12)
FNDA:0,(anonymous_13)
DA:4,0
DA:5,0
DA:6,0
DA:7,0
DA:8,0
DA:10,0
DA:12,0
DA:13,0
DA:14,0
DA:19,0
DA:21,0
DA:22,0
DA:23,0
DA:24,0
DA:25,0
DA:26,0
DA:27,0
DA:28,0
DA:29,0
DA:30,0
DA:31,0
DA:37,0
DA:38,0
DA:39,0
DA:43,0
DA:46,0
DA:47,0
DA:50,0
DA:56,0
DA:70,0
DA:72,0
DA:73,0
DA:74,0
DA:93,0
DA:95,0
DA:112,0
LF:36
LH:0
BRDA:21,0,0,0
BRDA:21,0,1,0
BRDA:25,1,0,0
BRDA:25,1,1,0
BRDA:29,2,0,0
BRDA:29,2,1,0
BRDA:29,3,0,0
BRDA:29,3,1,0
BRDA:39,4,0,0
BRDA:39,4,1,0
BRDA:40,5,0,0
BRDA:40,5,1,0
BRDA:67,6,0,0
BRDA:67,6,1,0
BRDA:76,7,0,0
BRDA:76,7,1,0
BRDA:97,8,0,0
BRDA:97,8,1,0
BRF:18
BRH:0
end_of_record
TN:
SF:src\components\ui\Checkbox.jsx
FN:5,(anonymous_0)
FNF:1
FNH:0
FNDA:0,(anonymous_0)
DA:4,0
DA:18,0
DA:24,0
DA:26,0
DA:52,0
DA:54,0
LF:6
LH:0
BRDA:11,0,0,0
BRDA:12,1,0,0
BRDA:13,2,0,0
BRDA:24,3,0,0
BRDA:24,3,1,0
BRDA:24,4,0,0
BRDA:24,4,1,0
BRDA:39,5,0,0
BRDA:39,5,1,0
BRDA:42,6,0,0
BRDA:42,6,1,0
BRF:11
BRH:0
end_of_record
TN:
SF:src\components\ui\Container.jsx
FN:5,(anonymous_0)
FNF:1
FNH:0
FNDA:0,(anonymous_0)
DA:5,0
DA:6,0
DA:7,0
DA:20,0
DA:26,0
LF:5
LH:0
BRDA:5,0,0,0
BRF:1
BRH:0
end_of_record
TN:
SF:src\components\ui\Dialog.jsx
FN:5,(anonymous_0)
FN:7,(anonymous_1)
FNF:2
FNH:0
FNDA:0,(anonymous_0)
FNDA:0,(anonymous_1)
DA:5,0
DA:12,0
DA:14,0
DA:50,0
DA:58,0
LF:5
LH:0
BRDA:7,0,0,0
BRDA:12,1,0,0
BRDA:12,1,1,0
BRDA:40,2,0,0
BRDA:40,2,1,0
BRF:5
BRH:0
end_of_record
TN:
SF:src\components\ui\Dropdown.jsx
FN:5,(anonymous_0)
FN:12,(anonymous_1)
FN:13,(anonymous_2)
FN:19,(anonymous_3)
FN:23,(anonymous_4)
FN:35,(anonymous_5)
FN:41,(anonymous_6)
FN:56,(anonymous_7)
FN:60,(anonymous_8)
FN:85,(anonymous_9)
FN:104,(anonymous_10)
FN:111,(anonymous_11)
FNF:12
FNH:0
FNDA:0,(anonymous_0)
FNDA:0,(anonymous_1)
FNDA:0,(anonymous_2)
FNDA:0,(anonymous_3)
FNDA:0,(anonymous_4)
FNDA:0,(anonymous_5)
FNDA:0,(anonymous_6)
FNDA:0,(anonymous_7)
FNDA:0,(anonymous_8)
FNDA:0,(anonymous_9)
FNDA:0,(anonymous_10)
FNDA:0,(anonymous_11)
DA:5,0
DA:6,0
DA:7,0
DA:8,0
DA:9,0
DA:12,0
DA:13,0
DA:14,0
DA:15,0
DA:18,0
DA:19,0
DA:23,0
DA:24,0
DA:25,0
DA:26,0
DA:27,0
DA:28,0
DA:29,0
DA:35,0
DA:36,0
DA:37,0
DA:38,0
DA:41,0
DA:42,0
DA:43,0
DA:44,0
DA:45,0
DA:46,0
DA:49,0
DA:51,0
DA:52,0
DA:53,0
DA:55,0
DA:56,0
DA:57,0
DA:59,0
DA:60,0
DA:61,0
DA:64,0
DA:65,0
DA:66,0
DA:68,0
DA:70,0
DA:71,0
DA:73,0
DA:78,0
DA:85,0
DA:105,0
DA:111,0
DA:135,0
LF:50
LH:0
BRDA:5,0,0,0
BRDA:5,1,0,0
BRDA:5,2,0,0
BRDA:14,3,0,0
BRDA:14,3,1,0
BRDA:14,4,0,0
BRDA:14,4,1,0
BRDA:24,5,0,0
BRDA:24,5,1,0
BRDA:24,6,0,0
BRDA:24,6,1,0
BRDA:26,7,0,0
BRDA:26,7,1,0
BRDA:28,8,0,0
BRDA:28,8,1,0
BRDA:28,9,0,0
BRDA:28,9,1,0
BRDA:42,10,0,0
BRDA:42,10,1,0
BRDA:42,11,0,0
BRDA:42,11,1,0
BRDA:43,12,0,0
BRDA:43,12,1,0
BRDA:43,13,0,0
BRDA:43,13,1,0
BRDA:43,13,2,0
BRDA:49,14,0,0
BRDA:49,14,1,0
BRDA:49,14,2,0
BRDA:49,14,3,0
BRDA:49,14,4,0
BRDA:49,14,5,0
BRDA:49,14,6,0
BRDA:65,15,0,0
BRDA:65,15,1,0
BRDA:65,16,0,0
BRDA:65,16,1,0
BRDA:90,17,0,0
BRDA:90,17,1,0
BRDA:97,18,0,0
BRDA:97,18,1,0
BRDA:97,18,2,0
BRDA:102,19,0,0
BRDA:102,19,1,0
BRDA:108,20,0,0
BRDA:108,20,1,0
BRDA:124,21,0,0
BRDA:124,21,1,0
BRF:48
BRH:0
end_of_record
TN:
SF:src\components\ui\FieldSet.jsx
FN:5,(anonymous_0)
FNF:1
FNH:0
FNDA:0,(anonymous_0)
DA:5,0
DA:14,0
DA:37,0
LF:3
LH:0
BRDA:10,0,0,0
BRDA:11,1,0,0
BRDA:17,2,0,0
BRDA:17,2,1,0
BRDA:22,3,0,0
BRDA:22,3,1,0
BRF:6
BRH:0
end_of_record
TN:
SF:src\components\ui\FlexRow.jsx
FN:6,(anonymous_0)
FNF:1
FNH:0
FNDA:0,(anonymous_0)
DA:6,0
DA:15,0
DA:16,0
DA:17,0
DA:19,0
DA:36,0
DA:46,0
LF:7
LH:0
BRDA:8,0,0,0
BRDA:15,1,0,0
BRDA:15,1,1,0
BRDA:16,2,0,0
BRDA:16,2,1,0
BRDA:17,3,0,0
BRDA:17,3,1,0
BRF:7
BRH:0
end_of_record
TN:
SF:src\components\ui\Form.jsx
FN:4,(anonymous_0)
FN:45,(anonymous_1)
FN:52,(anonymous_2)
FN:56,(anonymous_3)
FNF:4
FNH:2
FNDA:3,(anonymous_0)
FNDA:11,(anonymous_1)
FNDA:0,(anonymous_2)
FNDA:0,(anonymous_3)
DA:4,1
DA:24,3
DA:30,3
DA:46,11
DA:48,11
DA:52,0
DA:56,0
LF:7
LH:5
BRDA:7,0,0,3
BRDA:8,1,0,3
BRDA:11,2,0,3
BRDA:12,3,0,3
BRDA:13,4,0,3
BRDA:33,5,0,1
BRDA:33,5,1,2
BRDA:40,6,0,3
BRDA:40,6,1,1
BRDA:46,7,0,0
BRDA:46,7,1,11
BRDA:52,8,0,0
BRDA:52,8,1,0
BRDA:52,9,0,0
BRDA:52,9,1,0
BRDA:54,10,0,11
BRDA:54,10,1,11
BRDA:58,11,0,11
BRDA:58,11,1,0
BRF:19
BRH:13
end_of_record
TN:
SF:src\components\ui\FormField.jsx
FN:4,(anonymous_0)
FN:33,(anonymous_1)
FNF:2
FNH:0
FNDA:0,(anonymous_0)
FNDA:0,(anonymous_1)
DA:4,0
DA:16,0
DA:17,0
DA:18,0
DA:20,0
DA:34,0
DA:68,0
LF:7
LH:0
BRDA:7,0,0,0
BRDA:13,1,0,0
BRDA:16,2,0,0
BRDA:16,2,1,0
BRDA:22,3,0,0
BRDA:22,3,1,0
BRDA:28,4,0,0
BRDA:28,4,1,0
BRDA:34,5,0,0
BRDA:34,5,1,0
BRDA:38,6,0,0
BRDA:38,6,1,0
BRDA:40,7,0,0
BRDA:40,7,1,0
BRDA:40,8,0,0
BRDA:40,8,1,0
BRDA:46,9,0,0
BRDA:46,9,1,0
BRDA:56,10,0,0
BRDA:56,10,1,0
BRF:20
BRH:0
end_of_record
TN:
SF:src\components\ui\FormStepper.jsx
FN:5,(anonymous_0)
FN:12,(anonymous_1)
FN:16,(anonymous_2)
FN:20,(anonymous_3)
FN:32,(anonymous_4)
FN:44,(anonymous_5)
FN:62,(anonymous_6)
FN:78,(anonymous_7)
FN:79,(anonymous_8)
FNF:9
FNH:5
FNDA:3,(anonymous_0)
FNDA:9,(anonymous_1)
FNDA:3,(anonymous_2)
FNDA:3,(anonymous_3)
FNDA:0,(anonymous_4)
FNDA:0,(anonymous_5)
FNDA:9,(anonymous_6)
FNDA:0,(anonymous_7)
FNDA:0,(anonymous_8)
DA:5,1
DA:6,3
DA:7,3
DA:8,3
DA:11,3
DA:12,9
DA:15,3
DA:16,3
DA:17,3
DA:18,3
DA:20,3
DA:21,3
DA:22,3
DA:23,0
DA:24,0
DA:25,0
DA:27,0
DA:28,0
DA:32,0
DA:33,0
DA:37,0
DA:38,0
DA:40,0
DA:44,3
DA:45,0
DA:46,0
DA:47,0
DA:48,0
DA:49,0
DA:50,0
DA:53,0
DA:54,0
DA:58,3
DA:63,9
DA:79,0
DA:97,1
LF:36
LH:17
BRDA:5,0,0,3
BRDA:5,1,0,3
BRDA:12,2,0,0
BRDA:12,2,1,9
BRDA:21,3,0,3
BRDA:21,3,1,0
BRDA:23,4,0,0
BRDA:23,4,1,0
BRDA:33,5,0,0
BRDA:33,5,1,0
BRDA:33,5,2,0
BRDA:37,6,0,0
BRDA:37,6,1,0
BRDA:48,7,0,0
BRDA:48,7,1,0
BRDA:48,8,0,0
BRDA:48,8,1,0
BRDA:53,9,0,0
BRDA:53,9,1,0
BRDA:66,10,0,3
BRDA:66,10,1,6
BRDA:68,11,0,3
BRDA:68,11,1,6
BRDA:77,12,0,0
BRDA:77,12,1,3
BRDA:90,13,0,0
BRDA:90,13,1,3
BRF:27
BRH:10
end_of_record
TN:
SF:src\components\ui\Grid.jsx
FN:5,(anonymous_0)
FN:17,(anonymous_1)
FNF:2
FNH:0
FNDA:0,(anonymous_0)
FNDA:0,(anonymous_1)
DA:5,0
DA:14,0
DA:16,0
DA:17,0
DA:20,0
DA:22,0
DA:39,0
DA:48,0
LF:8
LH:0
BRDA:7,0,0,0
BRDA:8,1,0,0
BRDA:10,2,0,0
BRDA:11,3,0,0
BRF:4
BRH:0
end_of_record
TN:
SF:src\components\ui\GridItem.jsx
FN:5,(anonymous_0)
FN:14,(anonymous_1)
FNF:2
FNH:0
FNDA:0,(anonymous_0)
FNDA:0,(anonymous_1)
DA:5,0
DA:13,0
DA:14,0
DA:17,0
DA:19,0
DA:29,0
DA:40,0
LF:7
LH:0
BRDA:7,0,0,0
BRDA:9,1,0,0
BRDA:10,2,0,0
BRF:3
BRH:0
end_of_record
TN:
SF:src\components\ui\Input.jsx
FN:7,(anonymous_0)
FNF:1
FNH:1
FNDA:3,(anonymous_0)
DA:7,1
DA:25,3
DA:26,3
DA:27,3
DA:28,3
DA:29,3
DA:30,3
DA:32,3
DA:86,1
DA:88,1
LF:10
LH:10
BRDA:10,0,0,3
BRDA:15,1,0,2
BRDA:16,2,0,3
BRDA:17,3,0,3
BRDA:18,4,0,3
BRDA:21,5,0,3
BRDA:22,6,0,3
BRDA:27,7,0,3
BRDA:27,7,1,3
BRDA:28,8,0,0
BRDA:28,8,1,3
BRDA:29,9,0,1
BRDA:29,9,1,2
BRDA:30,10,0,3
BRDA:30,10,1,2
BRDA:30,11,0,0
BRDA:30,11,1,3
BRDA:30,12,0,3
BRDA:30,12,1,0
BRDA:34,13,0,3
BRDA:34,13,1,0
BRDA:52,14,0,1
BRDA:52,14,1,2
BRDA:55,15,0,1
BRDA:55,15,1,2
BRDA:66,16,0,1
BRDA:66,16,1,2
BRDA:74,17,0,0
BRDA:74,17,1,2
BRF:29
BRH:24
end_of_record
TN:
SF:src\components\ui\Link.jsx
FN:5,(anonymous_0)
FNF:1
FNH:0
FNDA:0,(anonymous_0)
DA:5,0
DA:6,0
DA:19,0
DA:26,0
LF:4
LH:0
BRDA:5,0,0,0
BRDA:5,1,0,0
BRDA:10,2,0,0
BRDA:10,2,1,0
BRDA:12,3,0,0
BRDA:12,3,1,0
BRF:6
BRH:0
end_of_record
TN:
SF:src\components\ui\MainLayout.jsx
FN:8,(anonymous_0)
FNF:1
FNH:0
FNDA:0,(anonymous_0)
DA:8,0
DA:9,0
DA:18,0
DA:22,0
LF:4
LH:0
BRF:0
BRH:0
end_of_record
TN:
SF:src\components\ui\Modal.jsx
FN:5,(anonymous_0)
FN:5,(anonymous_1)
FN:10,(anonymous_2)
FN:11,(anonymous_3)
FN:16,(anonymous_4)
FN:20,(anonymous_5)
FN:30,(anonymous_6)
FN:44,(anonymous_7)
FN:62,(anonymous_8)
FNF:9
FNH:8
FNDA:4,(anonymous_0)
FNDA:0,(anonymous_1)
FNDA:4,(anonymous_2)
FNDA:1,(anonymous_3)
FNDA:3,(anonymous_4)
FNDA:4,(anonymous_5)
FNDA:1,(anonymous_6)
FNDA:3,(anonymous_7)
FNDA:1,(anonymous_8)
DA:5,1
DA:6,4
DA:7,4
DA:8,4
DA:10,4
DA:11,4
DA:12,1
DA:14,4
DA:15,3
DA:16,3
DA:20,4
DA:21,4
DA:23,3
DA:26,3
DA:27,3
DA:28,3
DA:30,3
DA:31,1
DA:32,0
DA:33,0
DA:34,0
DA:35,0
DA:36,0
DA:37,0
DA:42,3
DA:43,3
DA:44,3
DA:48,4
DA:50,3
DA:62,1
DA:89,1
DA:97,1
LF:32
LH:26
BRDA:5,0,0,0
BRDA:5,1,0,4
BRDA:7,2,0,4
BRDA:7,2,1,0
BRDA:8,3,0,4
BRDA:8,3,1,0
BRDA:12,4,0,1
BRDA:12,4,1,0
BRDA:14,5,0,3
BRDA:14,5,1,1
BRDA:21,6,0,3
BRDA:21,6,1,1
BRDA:21,7,0,4
BRDA:21,7,1,3
BRDA:26,8,0,0
BRDA:26,8,1,3
BRDA:31,9,0,0
BRDA:31,9,1,1
BRDA:32,10,0,0
BRDA:32,10,1,0
BRDA:32,11,0,0
BRDA:32,11,1,0
BRDA:35,12,0,0
BRDA:35,12,1,0
BRDA:35,13,0,0
BRDA:35,13,1,0
BRDA:48,14,0,1
BRDA:48,14,1,3
BRDA:65,15,0,3
BRDA:65,15,1,3
BRDA:79,16,0,3
BRDA:79,16,1,3
BRF:32
BRH:18
end_of_record
TN:
SF:src\components\ui\Navbar.jsx
FN:13,(anonymous_0)
FN:35,(anonymous_1)
FN:55,(anonymous_2)
FNF:3
FNH:0
FNDA:0,(anonymous_0)
FNDA:0,(anonymous_1)
FNDA:0,(anonymous_2)
DA:6,0
DA:13,0
DA:14,0
DA:15,0
DA:17,0
DA:36,0
DA:55,0
DA:67,0
DA:73,0
DA:78,0
LF:10
LH:0
BRDA:13,0,0,0
BRDA:25,1,0,0
BRDA:25,1,1,0
BRDA:29,2,0,0
BRDA:29,2,1,0
BRDA:43,3,0,0
BRDA:43,3,1,0
BRDA:45,4,0,0
BRDA:45,4,1,0
BRDA:60,5,0,0
BRDA:60,5,1,0
BRF:11
BRH:0
end_of_record
TN:
SF:src\components\ui\PaginationControls.jsx
FN:5,(anonymous_0)
FN:54,(anonymous_1)
FN:63,(anonymous_2)
FN:73,(anonymous_3)
FN:77,(anonymous_4)
FN:99,(anonymous_5)
FNF:6
FNH:0
FNDA:0,(anonymous_0)
FNDA:0,(anonymous_1)
FNDA:0,(anonymous_2)
FNDA:0,(anonymous_3)
FNDA:0,(anonymous_4)
FNDA:0,(anonymous_5)
DA:5,0
DA:6,0
DA:9,0
DA:14,0
DA:15,0
DA:16,0
DA:18,0
DA:22,0
DA:26,0
DA:27,0
DA:31,0
DA:32,0
DA:34,0
DA:35,0
DA:36,0
DA:42,0
DA:43,0
DA:47,0
DA:48,0
DA:51,0
DA:54,0
DA:55,0
DA:57,0
DA:59,0
DA:63,0
DA:74,0
DA:77,0
DA:99,0
DA:110,0
DA:119,0
DA:125,0
LF:31
LH:0
BRDA:5,0,0,0
BRDA:14,1,0,0
BRDA:14,1,1,0
BRDA:26,2,0,0
BRDA:26,2,1,0
BRDA:35,3,0,0
BRDA:35,3,1,0
BRDA:42,4,0,0
BRDA:42,4,1,0
BRDA:47,5,0,0
BRDA:47,5,1,0
BRDA:54,6,0,0
BRDA:54,7,0,0
BRDA:55,8,0,0
BRDA:55,8,1,0
BRDA:64,9,0,0
BRDA:64,9,1,0
BRDA:74,10,0,0
BRDA:74,10,1,0
BRDA:79,11,0,0
BRDA:79,11,1,0
BRDA:82,12,0,0
BRDA:82,12,1,0
BRDA:84,13,0,0
BRDA:84,13,1,0
BRDA:100,14,0,0
BRDA:100,14,1,0
BRF:27
BRH:0
end_of_record
TN:
SF:src\components\ui\ProjectCard.jsx
FN:6,(anonymous_0)
FNF:1
FNH:0
FNDA:0,(anonymous_0)
DA:6,0
DA:7,0
DA:52,0
DA:65,0
LF:4
LH:0
BRDA:15,0,0,0
BRDA:15,0,1,0
BRDA:15,1,0,0
BRDA:15,1,1,0
BRDA:19,2,0,0
BRDA:19,2,1,0
BRDA:42,3,0,0
BRDA:42,3,1,0
BRF:8
BRH:0
end_of_record
TN:
SF:src\components\ui\RadioGroup.jsx
FN:5,(anonymous_0)
FN:78,(anonymous_1)
FN:82,(anonymous_2)
FN:90,(anonymous_3)
FNF:4
FNH:0
FNDA:0,(anonymous_0)
FNDA:0,(anonymous_1)
FNDA:0,(anonymous_2)
FNDA:0,(anonymous_3)
DA:4,0
DA:21,0
DA:27,0
DA:33,0
DA:63,0
DA:65,0
DA:78,0
DA:79,0
DA:83,0
DA:90,0
DA:99,0
DA:101,0
LF:12
LH:0
BRDA:13,0,0,0
BRDA:14,1,0,0
BRDA:15,2,0,0
BRDA:16,3,0,0
BRDA:28,4,0,0
BRDA:28,4,1,0
BRDA:29,5,0,0
BRDA:29,5,1,0
BRDA:30,6,0,0
BRDA:30,6,1,0
BRDA:48,7,0,0
BRDA:48,7,1,0
BRDA:52,8,0,0
BRDA:52,8,1,0
BRDA:78,9,0,0
BRDA:78,10,0,0
BRDA:78,11,0,0
BRDA:78,12,0,0
BRDA:79,13,0,0
BRDA:79,13,1,0
BRDA:79,14,0,0
BRDA:79,14,1,0
BRDA:80,15,0,0
BRDA:80,15,1,0
BRDA:81,16,0,0
BRDA:81,16,1,0
BRDA:95,17,0,0
BRDA:95,17,1,0
BRF:28
BRH:0
end_of_record
TN:
SF:src\components\ui\Select.jsx
FN:4,(anonymous_0)
FN:55,(anonymous_1)
FNF:2
FNH:0
FNDA:0,(anonymous_0)
FNDA:0,(anonymous_1)
DA:4,0
DA:21,0
DA:22,0
DA:23,0
DA:24,0
DA:26,0
DA:56,0
DA:70,0
DA:89,0
LF:9
LH:0
BRDA:8,0,0,0
BRDA:11,1,0,0
BRDA:12,2,0,0
BRDA:13,3,0,0
BRDA:14,4,0,0
BRDA:17,5,0,0
BRDA:18,6,0,0
BRDA:22,7,0,0
BRDA:22,7,1,0
BRDA:23,8,0,0
BRDA:23,8,1,0
BRDA:24,9,0,0
BRDA:24,9,1,0
BRDA:28,10,0,0
BRDA:28,10,1,0
BRDA:31,11,0,0
BRDA:31,11,1,0
BRDA:45,12,0,0
BRDA:45,12,1,0
BRDA:48,13,0,0
BRDA:48,13,1,0
BRDA:48,14,0,0
BRDA:48,14,1,0
BRDA:54,15,0,0
BRDA:54,15,1,0
BRDA:54,16,0,0
BRDA:54,16,1,0
BRDA:61,17,0,0
BRDA:61,17,1,0
BRF:29
BRH:0
end_of_record
TN:
SF:src\components\ui\Spinner.jsx
FN:4,(anonymous_0)
FNF:1
FNH:0
FNDA:0,(anonymous_0)
DA:4,0
DA:5,0
DA:11,0
DA:38,0
DA:44,0
DA:50,0
LF:6
LH:0
BRDA:4,0,0,0
BRDA:4,1,0,0
BRDA:4,2,0,0
BRF:3
BRH:0
end_of_record
TN:
SF:src\components\ui\Stack.jsx
FN:6,(anonymous_0)
FNF:1
FNH:0
FNDA:0,(anonymous_0)
DA:6,0
DA:14,0
DA:15,0
DA:16,0
DA:18,0
DA:25,0
DA:33,0
DA:39,0
LF:8
LH:0
BRDA:8,0,0,0
BRDA:9,1,0,0
BRDA:11,2,0,0
BRDA:14,3,0,0
BRDA:14,3,1,0
BRDA:15,4,0,0
BRDA:15,4,1,0
BRF:7
BRH:0
end_of_record
TN:
SF:src\components\ui\Switch.jsx
FN:4,(anonymous_0)
FN:18,(anonymous_1)
FNF:2
FNH:0
FNDA:0,(anonymous_0)
FNDA:0,(anonymous_1)
DA:4,0
DA:15,0
DA:18,0
DA:42,0
DA:53,0
DA:59,0
LF:6
LH:0
BRDA:7,0,0,0
BRDA:8,1,0,0
BRDA:9,2,0,0
BRDA:18,3,0,0
BRDA:18,3,1,0
BRDA:21,4,0,0
BRDA:21,4,1,0
BRDA:22,5,0,0
BRDA:22,5,1,0
BRDA:35,6,0,0
BRDA:35,6,1,0
BRF:11
BRH:0
end_of_record
TN:
SF:src\components\ui\Table.jsx
FN:11,(anonymous_0)
FN:20,(anonymous_1)
FN:31,(anonymous_2)
FN:44,(anonymous_3)
FNF:4
FNH:0
FNDA:0,(anonymous_0)
FNDA:0,(anonymous_1)
FNDA:0,(anonymous_2)
FNDA:0,(anonymous_3)
DA:11,0
DA:12,0
DA:21,0
DA:32,0
DA:45,0
DA:59,0
DA:71,0
DA:76,0
LF:8
LH:0
BRDA:11,0,0,0
BRDA:11,1,0,0
BRDA:37,2,0,0
BRDA:37,2,1,0
BRDA:38,3,0,0
BRDA:38,3,1,0
BRF:6
BRH:0
end_of_record
TN:
SF:src\components\ui\Tabs.jsx
FN:4,(anonymous_0)
FN:42,(anonymous_1)
FN:48,(anonymous_2)
FN:54,(anonymous_3)
FN:60,(anonymous_4)
FN:68,(anonymous_5)
FN:81,(anonymous_6)
FN:87,(anonymous_7)
FNF:8
FNH:8
FNDA:12,(anonymous_0)
FNDA:6,(anonymous_1)
FNDA:12,(anonymous_2)
FNDA:12,(anonymous_3)
FNDA:1,(anonymous_4)
FNDA:12,(anonymous_5)
FNDA:6,(anonymous_6)
FNDA:12,(anonymous_7)
DA:4,1
DA:13,12
DA:28,1
DA:40,1
DA:42,1
DA:47,6
DA:48,12
DA:50,6
DA:55,12
DA:60,1
DA:69,12
DA:80,1
DA:82,6
DA:83,6
DA:84,0
DA:86,6
DA:87,6
DA:88,12
DA:89,0
DA:95,6
DA:106,1
DA:107,1
LF:22
LH:20
BRDA:6,0,0,0
BRDA:10,1,0,0
BRDA:17,2,0,6
BRDA:17,2,1,6
BRDA:44,3,0,0
BRDA:45,4,0,6
BRDA:48,5,0,12
BRDA:48,5,1,12
BRDA:69,6,0,6
BRDA:69,6,1,6
BRDA:83,7,0,0
BRDA:83,7,1,6
BRDA:88,8,0,0
BRDA:88,8,1,12
BRDA:88,9,0,12
BRDA:88,9,1,12
BRDA:91,10,0,0
BRDA:91,10,1,0
BRDA:91,11,0,0
BRDA:91,11,1,0
BRDA:91,11,2,0
BRF:21
BRH:11
end_of_record
TN:
SF:src\components\ui\TextInput.jsx
FN:6,(anonymous_0)
FN:72,(anonymous_1)
FNF:2
FNH:2
FNDA:59,(anonymous_0)
FNDA:59,(anonymous_1)
DA:5,1
DA:28,59
DA:29,59
DA:32,59
DA:33,59
DA:34,59
DA:36,59
DA:69,1
DA:71,1
DA:73,59
DA:74,0
DA:79,59
DA:80,0
DA:82,59
DA:101,1
DA:120,1
LF:16
LH:14
BRDA:10,0,0,0
BRDA:15,1,0,0
BRDA:16,2,0,0
BRDA:20,3,0,0
BRDA:21,4,0,0
BRDA:22,5,0,0
BRDA:23,6,0,0
BRDA:28,7,0,3
BRDA:28,7,1,56
BRDA:28,8,0,59
BRDA:28,8,1,59
BRDA:29,9,0,59
BRDA:29,9,1,56
BRDA:33,10,0,3
BRDA:33,10,1,56
BRDA:34,11,0,0
BRDA:34,11,1,59
BRDA:38,12,0,59
BRDA:38,12,1,59
BRDA:59,13,0,59
BRDA:59,13,1,3
BRDA:73,14,0,0
BRDA:73,14,1,59
BRDA:73,15,0,59
BRDA:73,15,1,59
BRDA:79,16,0,0
BRDA:79,16,1,59
BRDA:79,17,0,59
BRDA:79,17,1,59
BRF:29
BRH:19
end_of_record
TN:
SF:src\components\ui\Textarea.jsx
FN:6,(anonymous_0)
FN:67,(anonymous_1)
FNF:2
FNH:0
FNDA:0,(anonymous_0)
FNDA:0,(anonymous_1)
DA:6,0
DA:25,0
DA:26,0
DA:27,0
DA:28,0
DA:29,0
DA:31,0
DA:64,0
DA:66,0
DA:68,0
DA:69,0
DA:74,0
DA:75,0
DA:77,0
DA:96,0
DA:113,0
LF:16
LH:0
BRDA:11,0,0,0
BRDA:12,1,0,0
BRDA:13,2,0,0
BRDA:14,3,0,0
BRDA:16,4,0,0
BRDA:20,5,0,0
BRDA:21,6,0,0
BRDA:22,7,0,0
BRDA:26,8,0,0
BRDA:26,8,1,0
BRDA:27,9,0,0
BRDA:27,9,1,0
BRDA:28,10,0,0
BRDA:28,10,1,0
BRDA:28,11,0,0
BRDA:28,11,1,0
BRDA:29,12,0,0
BRDA:29,12,1,0
BRDA:33,13,0,0
BRDA:33,13,1,0
BRDA:55,14,0,0
BRDA:55,14,1,0
BRDA:68,15,0,0
BRDA:68,15,1,0
BRDA:68,16,0,0
BRDA:68,16,1,0
BRDA:74,17,0,0
BRDA:74,17,1,0
BRDA:74,18,0,0
BRDA:74,18,1,0
BRF:30
BRH:0
end_of_record
TN:
SF:src\components\ui\Toast.jsx
FN:6,(anonymous_0)
FN:15,(anonymous_1)
FN:17,(anonymous_2)
FN:20,(anonymous_3)
FNF:4
FNH:4
FNDA:10,(anonymous_0)
FNDA:10,(anonymous_1)
FNDA:9,(anonymous_2)
FNDA:9,(anonymous_3)
DA:6,1
DA:15,10
DA:16,10
DA:17,9
DA:18,9
DA:20,9
DA:24,10
DA:25,10
DA:33,10
DA:40,10
DA:42,10
DA:69,1
DA:78,1
DA:80,1
LF:14
LH:14
BRDA:7,0,0,5
BRDA:10,1,0,8
BRDA:12,2,0,9
BRDA:16,3,0,9
BRDA:16,3,1,1
BRDA:16,4,0,10
BRDA:16,4,1,9
BRDA:16,4,2,9
BRDA:40,5,0,1
BRDA:40,5,1,9
BRDA:49,6,0,1
BRDA:49,6,1,9
BRDA:56,7,0,10
BRDA:56,7,1,3
BRDA:59,8,0,0
BRDA:59,8,1,3
BRF:16
BRH:15
end_of_record
TN:
SF:src\components\ui\Tooltip.jsx
FN:15,(anonymous_0)
FN:31,(anonymous_1)
FN:40,(anonymous_2)
FN:42,(anonymous_3)
FN:45,(anonymous_4)
FN:50,(anonymous_5)
FN:55,(anonymous_6)
FNF:7
FNH:0
FNDA:0,(anonymous_0)
FNDA:0,(anonymous_1)
FNDA:0,(anonymous_2)
FNDA:0,(anonymous_3)
FNDA:0,(anonymous_4)
FNDA:0,(anonymous_5)
FNDA:0,(anonymous_6)
DA:6,0
DA:13,0
DA:15,0
DA:27,0
DA:28,0
DA:29,0
DA:31,0
DA:32,0
DA:33,0
DA:34,0
DA:38,0
DA:40,0
DA:41,0
DA:42,0
DA:45,0
DA:46,0
DA:47,0
DA:50,0
DA:51,0
DA:52,0
DA:53,0
DA:54,0
DA:55,0
DA:59,0
DA:91,0
DA:103,0
DA:113,0
DA:118,0
LF:28
LH:0
BRDA:18,0,0,0
BRDA:19,1,0,0
BRDA:20,2,0,0
BRDA:21,3,0,0
BRDA:22,4,0,0
BRDA:23,5,0,0
BRDA:32,6,0,0
BRDA:32,6,1,0
BRDA:38,7,0,0
BRDA:38,7,1,0
BRDA:51,8,0,0
BRDA:51,8,1,0
BRDA:53,9,0,0
BRDA:53,9,1,0
BRDA:53,10,0,0
BRDA:53,10,1,0
BRDA:68,11,0,0
BRDA:68,11,1,0
BRDA:72,12,0,0
BRDA:72,12,1,0
BRF:20
BRH:0
end_of_record
TN:
SF:src\constants\BlogData.js
FNF:0
FNH:0
DA:24,0
LF:1
LH:0
BRF:0
BRH:0
end_of_record
TN:
SF:src\constants\allServices.js
FNF:0
FNH:0
DA:15,0
LF:1
LH:0
BRF:0
BRH:0
end_of_record
TN:
SF:src\constants\paths.js
FN:27,(anonymous_0)
FN:29,(anonymous_1)
FNF:2
FNH:0
FNDA:0,(anonymous_0)
FNDA:0,(anonymous_1)
DA:19,0
DA:27,0
DA:29,0
LF:3
LH:0
BRF:0
BRH:0
end_of_record
TN:
SF:src\constants\routes.js
FNF:0
FNH:0
DA:1,0
DA:2,0
DA:3,0
DA:4,0
DA:5,0
DA:8,0
DA:12,0
DA:15,0
DA:16,0
DA:18,0
LF:10
LH:0
BRF:0
BRH:0
end_of_record
TN:
SF:src\constants\teamData.js
FNF:0
FNH:0
DA:22,0
LF:1
LH:0
BRF:0
BRH:0
end_of_record
TN:
SF:src\constants\testimonialsData.js
FNF:0
FNH:0
DA:17,0
LF:1
LH:0
BRF:0
BRH:0
end_of_record
TN:
SF:src\hooks\useAIBehavior.js
FN:36,(anonymous_0)
FN:93,(anonymous_1)
FN:94,(anonymous_2)
FN:104,(anonymous_3)
FN:105,(anonymous_4)
FN:113,(anonymous_5)
FN:117,(anonymous_6)
FN:118,(anonymous_7)
FN:119,(anonymous_8)
FN:120,(anonymous_9)
FN:121,(anonymous_10)
FN:126,(anonymous_11)
FN:127,(anonymous_12)
FNF:13
FNH:0
FNDA:0,(anonymous_0)
FNDA:0,(anonymous_1)
FNDA:0,(anonymous_2)
FNDA:0,(anonymous_3)
FNDA:0,(anonymous_4)
FNDA:0,(anonymous_5)
FNDA:0,(anonymous_6)
FNDA:0,(anonymous_7)
FNDA:0,(anonymous_8)
FNDA:0,(anonymous_9)
FNDA:0,(anonymous_10)
FNDA:0,(anonymous_11)
FNDA:0,(anonymous_12)
DA:13,0
DA:36,0
DA:37,0
DA:39,0
DA:41,0
DA:42,0
DA:51,0
DA:53,0
DA:55,0
DA:58,0
DA:59,0
DA:61,0
DA:63,0
DA:64,0
DA:73,0
DA:93,0
DA:94,0
DA:95,0
DA:96,0
DA:97,0
DA:99,0
DA:100,0
DA:104,0
DA:105,0
DA:106,0
DA:107,0
DA:109,0
DA:113,0
DA:117,0
DA:118,0
DA:119,0
DA:120,0
DA:121,0
DA:126,0
DA:127,0
DA:128,0
DA:132,0
LF:37
LH:0
BRDA:37,0,0,0
BRDA:37,0,1,0
BRDA:37,0,2,0
BRDA:37,0,3,0
BRDA:37,0,4,0
BRDA:37,0,5,0
BRDA:46,1,0,0
BRDA:46,1,1,0
BRDA:58,2,0,0
BRDA:58,2,1,0
BRDA:97,3,0,0
BRDA:97,3,1,0
BRDA:127,4,0,0
BRDA:127,4,1,0
BRDA:128,5,0,0
BRDA:128,5,1,0
BRDA:128,6,0,0
BRDA:128,6,1,0
BRF:18
BRH:0
end_of_record
TN:
SF:src\hooks\useDarkMode.js
FN:3,(anonymous_0)
FN:4,(anonymous_1)
FN:14,(anonymous_2)
FN:23,(anonymous_3)
FN:23,(anonymous_4)
FNF:5
FNH:0
FNDA:0,(anonymous_0)
FNDA:0,(anonymous_1)
FNDA:0,(anonymous_2)
FNDA:0,(anonymous_3)
FNDA:0,(anonymous_4)
DA:3,0
DA:4,0
DA:5,0
DA:6,0
DA:7,0
DA:9,0
DA:10,0
DA:14,0
DA:15,0
DA:16,0
DA:18,0
DA:20,0
DA:23,0
DA:25,0
LF:14
LH:0
BRDA:7,0,0,0
BRDA:7,0,1,0
BRF:2
BRH:0
end_of_record
TN:
SF:src\hooks\useDebounce.js
FN:14,useDebounce
FN:23,(anonymous_1)
FN:24,(anonymous_2)
FN:31,(anonymous_3)
FNF:4
FNH:0
FNDA:0,useDebounce
FNDA:0,(anonymous_1)
FNDA:0,(anonymous_2)
FNDA:0,(anonymous_3)
DA:15,0
DA:16,0
DA:17,0
DA:20,0
DA:21,0
DA:23,0
DA:24,0
DA:28,0
DA:31,0
DA:32,0
DA:36,0
LF:11
LH:0
BRDA:15,0,0,0
BRDA:15,0,1,0
BRDA:15,1,0,0
BRDA:15,1,1,0
BRF:4
BRH:0
end_of_record
TN:
SF:src\hooks\useDebouncedCallback.js
FN:18,useDebouncedCallback
FN:19,(anonymous_1)
FNF:2
FNH:2
FNDA:3,useDebouncedCallback
FNDA:3,(anonymous_1)
DA:19,3
LF:1
LH:1
BRF:0
BRH:0
end_of_record
TN:
SF:src\hooks\useDebouncedCategoryFilter.js
FN:13,(anonymous_0)
FN:20,(anonymous_1)
FN:26,(anonymous_2)
FN:30,(anonymous_3)
FNF:4
FNH:0
FNDA:0,(anonymous_0)
FNDA:0,(anonymous_1)
FNDA:0,(anonymous_2)
FNDA:0,(anonymous_3)
DA:13,0
DA:14,0
DA:15,0
DA:16,0
DA:18,0
DA:20,0
DA:21,0
DA:22,0
DA:23,0
DA:26,0
DA:27,0
DA:30,0
DA:31,0
DA:35,0
LF:14
LH:0
BRDA:13,0,0,0
BRDA:14,1,0,0
BRDA:14,1,1,0
BRDA:14,2,0,0
BRDA:14,2,1,0
BRDA:21,3,0,0
BRDA:21,3,1,0
BRF:7
BRH:0
end_of_record
TN:
SF:src\hooks\useFetchProjects.js
FN:22,fetchProjectsFromApi
FN:24,(anonymous_1)
FN:25,(anonymous_2)
FN:36,(anonymous_3)
FN:44,(anonymous_4)
FN:62,useFetchProjects
FN:67,(anonymous_6)
FN:75,(anonymous_7)
FN:79,(anonymous_8)
FN:87,(anonymous_9)
FNF:10
FNH:0
FNDA:0,fetchProjectsFromApi
FNDA:0,(anonymous_1)
FNDA:0,(anonymous_2)
FNDA:0,(anonymous_3)
FNDA:0,(anonymous_4)
FNDA:0,useFetchProjects
FNDA:0,(anonymous_6)
FNDA:0,(anonymous_7)
FNDA:0,(anonymous_8)
FNDA:0,(anonymous_9)
DA:24,0
DA:25,0
DA:26,0
DA:27,0
DA:28,0
DA:31,0
DA:32,0
DA:33,0
DA:35,0
DA:37,0
DA:41,0
DA:44,0
DA:45,0
DA:46,0
DA:63,0
DA:64,0
DA:65,0
DA:67,0
DA:68,0
DA:69,0
DA:71,0
DA:72,0
DA:74,0
DA:76,0
DA:77,0
DA:80,0
DA:81,0
DA:82,0
DA:84,0
DA:87,0
DA:90,0
LF:31
LH:0
BRDA:26,0,0,0
BRDA:26,0,1,0
BRDA:32,1,0,0
BRDA:32,1,1,0
BRDA:37,2,0,0
BRDA:37,2,1,0
BRDA:80,3,0,0
BRDA:80,3,1,0
BRDA:81,4,0,0
BRDA:81,4,1,0
BRF:10
BRH:0
end_of_record
TN:
SF:src\hooks\useForm.js
FN:39,(anonymous_0)
FN:55,(anonymous_1)
FN:57,(anonymous_2)
FN:60,(anonymous_3)
FN:63,(anonymous_4)
FN:65,(anonymous_5)
FN:70,(anonymous_6)
FN:73,(anonymous_7)
FN:79,(anonymous_8)
FN:83,(anonymous_9)
FN:85,(anonymous_10)
FN:95,(anonymous_11)
FN:97,(anonymous_12)
FN:107,(anonymous_13)
FN:108,(anonymous_14)
FN:110,(anonymous_15)
FN:116,(anonymous_16)
FN:117,(anonymous_17)
FN:120,(anonymous_18)
FN:129,(anonymous_19)
FN:131,(anonymous_20)
FN:148,(anonymous_21)
FN:164,(anonymous_22)
FN:167,(anonymous_23)
FNF:24
FNH:2
FNDA:3,(anonymous_0)
FNDA:0,(anonymous_1)
FNDA:0,(anonymous_2)
FNDA:0,(anonymous_3)
FNDA:0,(anonymous_4)
FNDA:0,(anonymous_5)
FNDA:0,(anonymous_6)
FNDA:0,(anonymous_7)
FNDA:0,(anonymous_8)
FNDA:0,(anonymous_9)
FNDA:0,(anonymous_10)
FNDA:0,(anonymous_11)
FNDA:0,(anonymous_12)
FNDA:0,(anonymous_13)
FNDA:0,(anonymous_14)
FNDA:0,(anonymous_15)
FNDA:0,(anonymous_16)
FNDA:0,(anonymous_17)
FNDA:0,(anonymous_18)
FNDA:1,(anonymous_19)
FNDA:0,(anonymous_20)
FNDA:0,(anonymous_21)
FNDA:0,(anonymous_22)
FNDA:0,(anonymous_23)
DA:39,1
DA:48,3
DA:49,3
DA:50,3
DA:51,3
DA:52,3
DA:53,3
DA:55,3
DA:56,0
DA:57,0
DA:58,0
DA:59,0
DA:60,0
DA:62,0
DA:63,0
DA:65,0
DA:70,3
DA:71,0
DA:72,0
DA:73,0
DA:74,0
DA:76,0
DA:79,3
DA:80,0
DA:81,0
DA:83,0
DA:84,0
DA:85,0
DA:87,0
DA:88,0
DA:90,0
DA:91,0
DA:95,3
DA:96,0
DA:97,0
DA:99,0
DA:100,0
DA:102,0
DA:103,0
DA:107,3
DA:108,0
DA:109,0
DA:110,0
DA:112,0
DA:113,0
DA:116,3
DA:117,0
DA:120,3
DA:121,0
DA:122,0
DA:123,0
DA:124,0
DA:125,0
DA:126,0
DA:129,3
DA:130,1
DA:131,1
DA:132,1
DA:134,1
DA:136,1
DA:137,0
DA:139,1
DA:140,0
DA:141,0
DA:142,0
DA:146,1
DA:148,1
DA:149,0
DA:150,0
DA:157,1
DA:158,1
DA:162,0
DA:163,0
DA:164,0
DA:167,0
DA:170,1
DA:174,3
LF:77
LH:27
BRDA:40,0,0,3
BRDA:42,1,0,3
BRDA:43,2,0,3
BRDA:44,3,0,0
BRDA:45,4,0,3
BRDA:46,5,0,3
BRDA:56,6,0,0
BRDA:56,6,1,0
BRDA:56,7,0,0
BRDA:56,7,1,0
BRDA:63,8,0,0
BRDA:63,8,1,0
BRDA:71,9,0,0
BRDA:71,9,1,0
BRDA:71,10,0,0
BRDA:71,10,1,0
BRDA:81,11,0,0
BRDA:81,11,1,0
BRDA:87,12,0,0
BRDA:87,12,1,0
BRDA:90,13,0,0
BRDA:90,13,1,0
BRDA:99,14,0,0
BRDA:99,14,1,0
BRDA:99,15,0,0
BRDA:99,15,1,0
BRDA:99,15,2,0
BRDA:102,16,0,0
BRDA:102,16,1,0
BRDA:102,17,0,0
BRDA:102,17,1,0
BRDA:102,17,2,0
BRDA:112,18,0,0
BRDA:112,18,1,0
BRDA:113,19,0,0
BRDA:113,19,1,0
BRDA:121,20,0,0
BRDA:121,20,1,0
BRDA:136,21,0,0
BRDA:136,21,1,1
BRDA:137,22,0,0
BRDA:137,22,1,0
BRDA:140,23,0,0
BRDA:140,23,1,0
BRDA:140,24,0,0
BRDA:140,24,1,0
BRDA:142,25,0,0
BRDA:142,25,1,0
BRDA:148,26,0,0
BRDA:148,26,1,1
BRDA:163,27,0,0
BRDA:163,27,1,0
BRDA:163,28,0,0
BRDA:163,28,1,0
BRDA:167,29,0,0
BRDA:167,29,1,0
BRF:56
BRH:7
end_of_record
TN:
SF:src\hooks\usePagination.js
FN:17,usePagination
FN:20,(anonymous_1)
FN:32,(anonymous_2)
FN:36,(anonymous_3)
FN:41,(anonymous_4)
FN:45,(anonymous_5)
FNF:6
FNH:0
FNDA:0,usePagination
FNDA:0,(anonymous_1)
FNDA:0,(anonymous_2)
FNDA:0,(anonymous_3)
FNDA:0,(anonymous_4)
FNDA:0,(anonymous_5)
DA:18,0
DA:20,0
DA:21,0
DA:22,0
DA:23,0
DA:24,0
DA:25,0
DA:26,0
DA:27,0
DA:29,0
DA:32,0
DA:33,0
DA:36,0
DA:38,0
DA:41,0
DA:42,0
DA:45,0
DA:46,0
DA:49,0
LF:19
LH:0
BRDA:17,0,0,0
BRDA:22,1,0,0
BRDA:22,1,1,0
BRDA:25,2,0,0
BRDA:25,2,1,0
BRDA:25,3,0,0
BRDA:25,3,1,0
BRDA:25,3,2,0
BRDA:42,4,0,0
BRDA:42,4,1,0
BRDA:42,4,2,0
BRF:11
BRH:0
end_of_record
TN:
SF:src\hooks\usePerformanceMonitoring.js
FN:18,(anonymous_0)
FN:19,(anonymous_1)
FN:23,(anonymous_2)
FN:27,(anonymous_3)
FN:28,(anonymous_4)
FN:43,(anonymous_5)
FN:44,(anonymous_6)
FN:65,(anonymous_7)
FNF:8
FNH:0
FNDA:0,(anonymous_0)
FNDA:0,(anonymous_1)
FNDA:0,(anonymous_2)
FNDA:0,(anonymous_3)
FNDA:0,(anonymous_4)
FNDA:0,(anonymous_5)
FNDA:0,(anonymous_6)
FNDA:0,(anonymous_7)
DA:18,0
DA:19,0
DA:20,0
DA:23,0
DA:25,0
DA:26,0
DA:27,0
DA:28,0
DA:30,0
DA:34,0
DA:36,0
DA:39,0
DA:43,0
DA:44,0
DA:45,0
DA:46,0
DA:48,0
DA:49,0
DA:50,0
DA:51,0
DA:53,0
DA:59,0
DA:63,0
DA:65,0
DA:66,0
LF:25
LH:0
BRDA:19,0,0,0
BRDA:19,0,1,0
BRDA:25,1,0,0
BRDA:25,1,1,0
BRDA:46,2,0,0
BRDA:46,2,1,0
BRF:6
BRH:0
end_of_record
TN:
SF:src\lib\rocbot\commands.js
FN:16,(anonymous_0)
FN:18,(anonymous_1)
FN:29,(anonymous_2)
FN:42,(anonymous_3)
FN:85,(anonymous_4)
FNF:5
FNH:0
FNDA:0,(anonymous_0)
FNDA:0,(anonymous_1)
FNDA:0,(anonymous_2)
FNDA:0,(anonymous_3)
FNDA:0,(anonymous_4)
DA:13,0
DA:17,0
DA:18,0
DA:20,0
DA:30,0
DA:31,0
DA:32,0
DA:34,0
DA:43,0
DA:44,0
DA:46,0
DA:47,0
DA:50,0
DA:52,0
DA:54,0
DA:55,0
DA:59,0
DA:60,0
DA:62,0
DA:63,0
DA:65,0
DA:66,0
DA:67,0
DA:70,0
DA:71,0
DA:73,0
DA:75,0
DA:76,0
DA:86,0
DA:87,0
DA:88,0
DA:91,0
DA:100,0
LF:33
LH:0
BRDA:30,0,0,0
BRDA:30,0,1,0
BRDA:46,1,0,0
BRDA:46,1,1,0
BRDA:46,2,0,0
BRDA:46,2,1,0
BRDA:54,3,0,0
BRDA:54,3,1,0
BRDA:59,4,0,0
BRDA:59,4,1,0
BRDA:59,5,0,0
BRDA:59,5,1,0
BRDA:62,6,0,0
BRDA:62,6,1,0
BRDA:65,7,0,0
BRDA:65,7,1,0
BRDA:71,8,0,0
BRDA:71,8,1,0
BRDA:87,9,0,0
BRDA:87,9,1,0
BRF:20
BRH:0
end_of_record
TN:
SF:src\pages\CaseStudyPage.jsx
FN:5,(anonymous_0)
FN:41,(anonymous_1)
FN:59,(anonymous_2)
FNF:3
FNH:0
FNDA:0,(anonymous_0)
FNDA:0,(anonymous_1)
FNDA:0,(anonymous_2)
DA:5,0
DA:6,0
DA:7,0
DA:20,0
DA:22,0
DA:42,0
DA:60,0
DA:118,0
DA:147,0
DA:151,0
LF:10
LH:0
BRDA:6,0,0,0
BRDA:6,0,1,0
BRDA:17,1,0,0
BRDA:19,2,0,0
BRDA:27,3,0,0
BRDA:27,3,1,0
BRDA:32,4,0,0
BRDA:32,4,1,0
BRDA:38,5,0,0
BRDA:38,5,1,0
BRDA:43,6,0,0
BRDA:43,6,1,0
BRDA:60,7,0,0
BRDA:60,7,1,0
BRDA:68,8,0,0
BRDA:68,8,1,0
BRDA:68,8,2,0
BRDA:71,9,0,0
BRDA:71,9,1,0
BRDA:71,9,2,0
BRDA:74,10,0,0
BRDA:74,10,1,0
BRDA:79,11,0,0
BRDA:79,11,1,0
BRDA:79,11,2,0
BRDA:87,12,0,0
BRDA:87,12,1,0
BRDA:92,13,0,0
BRDA:92,13,1,0
BRDA:93,14,0,0
BRDA:93,14,1,0
BRDA:104,15,0,0
BRDA:104,15,1,0
BRDA:105,16,0,0
BRDA:105,16,1,0
BRF:35
BRH:0
end_of_record
TN:
SF:src\rocCloser\crm.js
FNF:0
FNH:0
DA:6,0
LF:1
LH:0
BRF:0
BRH:0
end_of_record
TN:
SF:src\rocCloser\emailClient.js
FNF:0
FNH:0
DA:6,0
LF:1
LH:0
BRF:0
BRH:0
end_of_record
TN:
SF:src\rocCloser\leadGenerator.js
FN:10,generateLeads
FN:12,(anonymous_1)
FNF:2
FNH:0
FNDA:0,generateLeads
FNDA:0,(anonymous_1)
DA:12,0
DA:18,0
DA:21,0
LF:3
LH:0
BRDA:10,0,0,0
BRDA:10,1,0,0
BRF:2
BRH:0
end_of_record
TN:
SF:src\rocCloser\outreachAgent.js
FNF:0
FNH:0
DA:6,0
LF:1
LH:0
BRF:0
BRH:0
end_of_record
TN:
SF:src\rocCloser\rocCloserAgent.js
FN:14,(anonymous_0)
FNF:1
FNH:0
FNDA:0,(anonymous_0)
DA:5,0
DA:6,0
DA:7,0
DA:8,0
DA:12,0
DA:16,0
DA:21,0
LF:7
LH:0
BRF:0
BRH:0
end_of_record
